{"/Users/francoberton/Desktop/Experimental/magikfake/sdk/src/base.ts": {"path":"/Users/francoberton/Desktop/Experimental/magikfake/sdk/src/base.ts","statementMap":{"0":{"start":{"line":2,"column":15},"end":{"line":12,"column":1}},"1":{"start":{"line":3,"column":4},"end":{"line":10,"column":6}},"2":{"start":{"line":4,"column":8},"end":{"line":8,"column":9}},"3":{"start":{"line":4,"column":24},"end":{"line":4,"column":25}},"4":{"start":{"line":4,"column":31},"end":{"line":4,"column":47}},"5":{"start":{"line":5,"column":12},"end":{"line":5,"column":29}},"6":{"start":{"line":6,"column":12},"end":{"line":7,"column":28}},"7":{"start":{"line":6,"column":29},"end":{"line":7,"column":28}},"8":{"start":{"line":7,"column":16},"end":{"line":7,"column":28}},"9":{"start":{"line":9,"column":8},"end":{"line":9,"column":17}},"10":{"start":{"line":11,"column":4},"end":{"line":11,"column":43}},"11":{"start":{"line":13,"column":16},"end":{"line":21,"column":1}},"12":{"start":{"line":14,"column":28},"end":{"line":14,"column":110}},"13":{"start":{"line":14,"column":91},"end":{"line":14,"column":106}},"14":{"start":{"line":15,"column":4},"end":{"line":20,"column":7}},"15":{"start":{"line":16,"column":36},"end":{"line":16,"column":97}},"16":{"start":{"line":16,"column":42},"end":{"line":16,"column":70}},"17":{"start":{"line":16,"column":85},"end":{"line":16,"column":95}},"18":{"start":{"line":17,"column":35},"end":{"line":17,"column":100}},"19":{"start":{"line":17,"column":41},"end":{"line":17,"column":73}},"20":{"start":{"line":17,"column":88},"end":{"line":17,"column":98}},"21":{"start":{"line":18,"column":32},"end":{"line":18,"column":116}},"22":{"start":{"line":19,"column":8},"end":{"line":19,"column":78}},"23":{"start":{"line":22,"column":18},"end":{"line":48,"column":1}},"24":{"start":{"line":23,"column":12},"end":{"line":23,"column":104}},"25":{"start":{"line":23,"column":43},"end":{"line":23,"column":68}},"26":{"start":{"line":23,"column":57},"end":{"line":23,"column":68}},"27":{"start":{"line":23,"column":69},"end":{"line":23,"column":81}},"28":{"start":{"line":24,"column":4},"end":{"line":24,"column":157}},"29":{"start":{"line":24,"column":138},"end":{"line":24,"column":150}},"30":{"start":{"line":25,"column":23},"end":{"line":25,"column":68}},"31":{"start":{"line":25,"column":45},"end":{"line":25,"column":65}},"32":{"start":{"line":27,"column":8},"end":{"line":27,"column":70}},"33":{"start":{"line":27,"column":15},"end":{"line":27,"column":70}},"34":{"start":{"line":28,"column":8},"end":{"line":45,"column":66}},"35":{"start":{"line":28,"column":50},"end":{"line":45,"column":66}},"36":{"start":{"line":29,"column":12},"end":{"line":29,"column":169}},"37":{"start":{"line":29,"column":160},"end":{"line":29,"column":169}},"38":{"start":{"line":30,"column":12},"end":{"line":30,"column":52}},"39":{"start":{"line":30,"column":26},"end":{"line":30,"column":52}},"40":{"start":{"line":31,"column":12},"end":{"line":43,"column":13}},"41":{"start":{"line":32,"column":32},"end":{"line":32,"column":39}},"42":{"start":{"line":32,"column":40},"end":{"line":32,"column":46}},"43":{"start":{"line":33,"column":24},"end":{"line":33,"column":34}},"44":{"start":{"line":33,"column":35},"end":{"line":33,"column":72}},"45":{"start":{"line":34,"column":24},"end":{"line":34,"column":34}},"46":{"start":{"line":34,"column":35},"end":{"line":34,"column":45}},"47":{"start":{"line":34,"column":46},"end":{"line":34,"column":55}},"48":{"start":{"line":34,"column":56},"end":{"line":34,"column":65}},"49":{"start":{"line":35,"column":24},"end":{"line":35,"column":41}},"50":{"start":{"line":35,"column":42},"end":{"line":35,"column":55}},"51":{"start":{"line":35,"column":56},"end":{"line":35,"column":65}},"52":{"start":{"line":37,"column":20},"end":{"line":37,"column":128}},"53":{"start":{"line":37,"column":110},"end":{"line":37,"column":116}},"54":{"start":{"line":37,"column":117},"end":{"line":37,"column":126}},"55":{"start":{"line":38,"column":20},"end":{"line":38,"column":106}},"56":{"start":{"line":38,"column":81},"end":{"line":38,"column":97}},"57":{"start":{"line":38,"column":98},"end":{"line":38,"column":104}},"58":{"start":{"line":39,"column":20},"end":{"line":39,"column":89}},"59":{"start":{"line":39,"column":57},"end":{"line":39,"column":72}},"60":{"start":{"line":39,"column":73},"end":{"line":39,"column":80}},"61":{"start":{"line":39,"column":81},"end":{"line":39,"column":87}},"62":{"start":{"line":40,"column":20},"end":{"line":40,"column":87}},"63":{"start":{"line":40,"column":47},"end":{"line":40,"column":62}},"64":{"start":{"line":40,"column":63},"end":{"line":40,"column":78}},"65":{"start":{"line":40,"column":79},"end":{"line":40,"column":85}},"66":{"start":{"line":41,"column":20},"end":{"line":41,"column":42}},"67":{"start":{"line":41,"column":30},"end":{"line":41,"column":42}},"68":{"start":{"line":42,"column":20},"end":{"line":42,"column":33}},"69":{"start":{"line":42,"column":34},"end":{"line":42,"column":43}},"70":{"start":{"line":44,"column":12},"end":{"line":44,"column":39}},"71":{"start":{"line":45,"column":22},"end":{"line":45,"column":34}},"72":{"start":{"line":45,"column":35},"end":{"line":45,"column":41}},"73":{"start":{"line":45,"column":54},"end":{"line":45,"column":64}},"74":{"start":{"line":46,"column":8},"end":{"line":46,"column":35}},"75":{"start":{"line":46,"column":23},"end":{"line":46,"column":35}},"76":{"start":{"line":46,"column":36},"end":{"line":46,"column":89}},"77":{"start":{"line":49,"column":0},"end":{"line":49,"column":62}},"78":{"start":{"line":50,"column":0},"end":{"line":50,"column":22}},"79":{"start":{"line":51,"column":27},"end":{"line":51,"column":56}},"80":{"start":{"line":52,"column":26},"end":{"line":86,"column":3}},"81":{"start":{"line":54,"column":8},"end":{"line":54,"column":36}},"82":{"start":{"line":55,"column":8},"end":{"line":55,"column":47}},"83":{"start":{"line":57,"column":4},"end":{"line":84,"column":6}},"84":{"start":{"line":58,"column":8},"end":{"line":83,"column":11}},"85":{"start":{"line":60,"column":12},"end":{"line":82,"column":15}},"86":{"start":{"line":61,"column":16},"end":{"line":81,"column":17}},"87":{"start":{"line":63,"column":24},"end":{"line":63,"column":71}},"88":{"start":{"line":64,"column":24},"end":{"line":67,"column":26}},"89":{"start":{"line":68,"column":24},"end":{"line":68,"column":87}},"90":{"start":{"line":69,"column":24},"end":{"line":69,"column":37}},"91":{"start":{"line":71,"column":24},"end":{"line":71,"column":50}},"92":{"start":{"line":72,"column":24},"end":{"line":72,"column":93}},"93":{"start":{"line":74,"column":24},"end":{"line":74,"column":45}},"94":{"start":{"line":75,"column":24},"end":{"line":75,"column":62}},"95":{"start":{"line":76,"column":28},"end":{"line":76,"column":61}},"96":{"start":{"line":78,"column":24},"end":{"line":78,"column":44}},"97":{"start":{"line":79,"column":24},"end":{"line":79,"column":38}},"98":{"start":{"line":80,"column":28},"end":{"line":80,"column":50}},"99":{"start":{"line":85,"column":4},"end":{"line":85,"column":16}},"100":{"start":{"line":87,"column":0},"end":{"line":87,"column":20}}},"fnMap":{"0":{"name":"(anonymous_0)","decl":{"start":{"line":2,"column":42},"end":{"line":2,"column":43}},"loc":{"start":{"line":2,"column":54},"end":{"line":12,"column":1}},"line":2},"1":{"name":"(anonymous_1)","decl":{"start":{"line":3,"column":32},"end":{"line":3,"column":33}},"loc":{"start":{"line":3,"column":44},"end":{"line":10,"column":5}},"line":3},"2":{"name":"(anonymous_2)","decl":{"start":{"line":13,"column":44},"end":{"line":13,"column":45}},"loc":{"start":{"line":13,"column":89},"end":{"line":21,"column":1}},"line":13},"3":{"name":"adopt","decl":{"start":{"line":14,"column":13},"end":{"line":14,"column":18}},"loc":{"start":{"line":14,"column":26},"end":{"line":14,"column":112}},"line":14},"4":{"name":"(anonymous_4)","decl":{"start":{"line":14,"column":70},"end":{"line":14,"column":71}},"loc":{"start":{"line":14,"column":89},"end":{"line":14,"column":108}},"line":14},"5":{"name":"(anonymous_5)","decl":{"start":{"line":15,"column":36},"end":{"line":15,"column":37}},"loc":{"start":{"line":15,"column":63},"end":{"line":20,"column":5}},"line":15},"6":{"name":"fulfilled","decl":{"start":{"line":16,"column":17},"end":{"line":16,"column":26}},"loc":{"start":{"line":16,"column":34},"end":{"line":16,"column":99}},"line":16},"7":{"name":"rejected","decl":{"start":{"line":17,"column":17},"end":{"line":17,"column":25}},"loc":{"start":{"line":17,"column":33},"end":{"line":17,"column":102}},"line":17},"8":{"name":"step","decl":{"start":{"line":18,"column":17},"end":{"line":18,"column":21}},"loc":{"start":{"line":18,"column":30},"end":{"line":18,"column":118}},"line":18},"9":{"name":"(anonymous_9)","decl":{"start":{"line":22,"column":48},"end":{"line":22,"column":49}},"loc":{"start":{"line":22,"column":73},"end":{"line":48,"column":1}},"line":22},"10":{"name":"(anonymous_10)","decl":{"start":{"line":23,"column":30},"end":{"line":23,"column":31}},"loc":{"start":{"line":23,"column":41},"end":{"line":23,"column":83}},"line":23},"11":{"name":"(anonymous_11)","decl":{"start":{"line":24,"column":125},"end":{"line":24,"column":126}},"loc":{"start":{"line":24,"column":136},"end":{"line":24,"column":152}},"line":24},"12":{"name":"verb","decl":{"start":{"line":25,"column":13},"end":{"line":25,"column":17}},"loc":{"start":{"line":25,"column":21},"end":{"line":25,"column":70}},"line":25},"13":{"name":"(anonymous_13)","decl":{"start":{"line":25,"column":30},"end":{"line":25,"column":31}},"loc":{"start":{"line":25,"column":43},"end":{"line":25,"column":67}},"line":25},"14":{"name":"step","decl":{"start":{"line":26,"column":13},"end":{"line":26,"column":17}},"loc":{"start":{"line":26,"column":22},"end":{"line":47,"column":5}},"line":26},"15":{"name":"(anonymous_15)","decl":{"start":{"line":52,"column":26},"end":{"line":52,"column":27}},"loc":{"start":{"line":52,"column":38},"end":{"line":86,"column":1}},"line":52},"16":{"name":"Base","decl":{"start":{"line":53,"column":13},"end":{"line":53,"column":17}},"loc":{"start":{"line":53,"column":26},"end":{"line":56,"column":5}},"line":53},"17":{"name":"(anonymous_17)","decl":{"start":{"line":57,"column":29},"end":{"line":57,"column":30}},"loc":{"start":{"line":57,"column":58},"end":{"line":84,"column":5}},"line":57},"18":{"name":"(anonymous_18)","decl":{"start":{"line":58,"column":47},"end":{"line":58,"column":48}},"loc":{"start":{"line":58,"column":59},"end":{"line":83,"column":9}},"line":58},"19":{"name":"(anonymous_19)","decl":{"start":{"line":60,"column":37},"end":{"line":60,"column":38}},"loc":{"start":{"line":60,"column":51},"end":{"line":82,"column":13}},"line":60}},"branchMap":{"0":{"loc":{"start":{"line":2,"column":15},"end":{"line":12,"column":1}},"type":"binary-expr","locations":[{"start":{"line":2,"column":16},"end":{"line":2,"column":20}},{"start":{"line":2,"column":24},"end":{"line":2,"column":37}},{"start":{"line":2,"column":42},"end":{"line":12,"column":1}}],"line":2},"1":{"loc":{"start":{"line":3,"column":15},"end":{"line":10,"column":5}},"type":"binary-expr","locations":[{"start":{"line":3,"column":15},"end":{"line":3,"column":28}},{"start":{"line":3,"column":32},"end":{"line":10,"column":5}}],"line":3},"2":{"loc":{"start":{"line":6,"column":29},"end":{"line":7,"column":28}},"type":"if","locations":[{"start":{"line":6,"column":29},"end":{"line":7,"column":28}},{"start":{},"end":{}}],"line":6},"3":{"loc":{"start":{"line":13,"column":16},"end":{"line":21,"column":1}},"type":"binary-expr","locations":[{"start":{"line":13,"column":17},"end":{"line":13,"column":21}},{"start":{"line":13,"column":25},"end":{"line":13,"column":39}},{"start":{"line":13,"column":44},"end":{"line":21,"column":1}}],"line":13},"4":{"loc":{"start":{"line":14,"column":35},"end":{"line":14,"column":109}},"type":"cond-expr","locations":[{"start":{"line":14,"column":56},"end":{"line":14,"column":61}},{"start":{"line":14,"column":64},"end":{"line":14,"column":109}}],"line":14},"5":{"loc":{"start":{"line":15,"column":16},"end":{"line":15,"column":34}},"type":"binary-expr","locations":[{"start":{"line":15,"column":16},"end":{"line":15,"column":17}},{"start":{"line":15,"column":22},"end":{"line":15,"column":33}}],"line":15},"6":{"loc":{"start":{"line":18,"column":32},"end":{"line":18,"column":115}},"type":"cond-expr","locations":[{"start":{"line":18,"column":46},"end":{"line":18,"column":67}},{"start":{"line":18,"column":70},"end":{"line":18,"column":115}}],"line":18},"7":{"loc":{"start":{"line":19,"column":51},"end":{"line":19,"column":67}},"type":"binary-expr","locations":[{"start":{"line":19,"column":51},"end":{"line":19,"column":61}},{"start":{"line":19,"column":65},"end":{"line":19,"column":67}}],"line":19},"8":{"loc":{"start":{"line":22,"column":18},"end":{"line":48,"column":1}},"type":"binary-expr","locations":[{"start":{"line":22,"column":19},"end":{"line":22,"column":23}},{"start":{"line":22,"column":27},"end":{"line":22,"column":43}},{"start":{"line":22,"column":48},"end":{"line":48,"column":1}}],"line":22},"9":{"loc":{"start":{"line":23,"column":43},"end":{"line":23,"column":68}},"type":"if","locations":[{"start":{"line":23,"column":43},"end":{"line":23,"column":68}},{"start":{},"end":{}}],"line":23},"10":{"loc":{"start":{"line":24,"column":71},"end":{"line":24,"column":153}},"type":"binary-expr","locations":[{"start":{"line":24,"column":71},"end":{"line":24,"column":99}},{"start":{"line":24,"column":104},"end":{"line":24,"column":152}}],"line":24},"11":{"loc":{"start":{"line":27,"column":8},"end":{"line":27,"column":70}},"type":"if","locations":[{"start":{"line":27,"column":8},"end":{"line":27,"column":70}},{"start":{},"end":{}}],"line":27},"12":{"loc":{"start":{"line":28,"column":15},"end":{"line":28,"column":45}},"type":"binary-expr","locations":[{"start":{"line":28,"column":15},"end":{"line":28,"column":16}},{"start":{"line":28,"column":21},"end":{"line":28,"column":44}}],"line":28},"13":{"loc":{"start":{"line":28,"column":28},"end":{"line":28,"column":44}},"type":"binary-expr","locations":[{"start":{"line":28,"column":28},"end":{"line":28,"column":33}},{"start":{"line":28,"column":38},"end":{"line":28,"column":43}}],"line":28},"14":{"loc":{"start":{"line":29,"column":12},"end":{"line":29,"column":169}},"type":"if","locations":[{"start":{"line":29,"column":12},"end":{"line":29,"column":169}},{"start":{},"end":{}}],"line":29},"15":{"loc":{"start":{"line":29,"column":23},"end":{"line":29,"column":158}},"type":"binary-expr","locations":[{"start":{"line":29,"column":23},"end":{"line":29,"column":24}},{"start":{"line":29,"column":29},"end":{"line":29,"column":125}},{"start":{"line":29,"column":130},"end":{"line":29,"column":158}}],"line":29},"16":{"loc":{"start":{"line":29,"column":33},"end":{"line":29,"column":125}},"type":"cond-expr","locations":[{"start":{"line":29,"column":45},"end":{"line":29,"column":56}},{"start":{"line":29,"column":59},"end":{"line":29,"column":125}}],"line":29},"17":{"loc":{"start":{"line":29,"column":59},"end":{"line":29,"column":125}},"type":"cond-expr","locations":[{"start":{"line":29,"column":67},"end":{"line":29,"column":116}},{"start":{"line":29,"column":119},"end":{"line":29,"column":125}}],"line":29},"18":{"loc":{"start":{"line":29,"column":67},"end":{"line":29,"column":116}},"type":"binary-expr","locations":[{"start":{"line":29,"column":67},"end":{"line":29,"column":77}},{"start":{"line":29,"column":82},"end":{"line":29,"column":115}}],"line":29},"19":{"loc":{"start":{"line":29,"column":82},"end":{"line":29,"column":112}},"type":"binary-expr","locations":[{"start":{"line":29,"column":83},"end":{"line":29,"column":98}},{"start":{"line":29,"column":103},"end":{"line":29,"column":112}}],"line":29},"20":{"loc":{"start":{"line":30,"column":12},"end":{"line":30,"column":52}},"type":"if","locations":[{"start":{"line":30,"column":12},"end":{"line":30,"column":52}},{"start":{},"end":{}}],"line":30},"21":{"loc":{"start":{"line":31,"column":12},"end":{"line":43,"column":13}},"type":"switch","locations":[{"start":{"line":32,"column":16},"end":{"line":32,"column":23}},{"start":{"line":32,"column":24},"end":{"line":32,"column":46}},{"start":{"line":33,"column":16},"end":{"line":33,"column":72}},{"start":{"line":34,"column":16},"end":{"line":34,"column":65}},{"start":{"line":35,"column":16},"end":{"line":35,"column":65}},{"start":{"line":36,"column":16},"end":{"line":42,"column":43}}],"line":31},"22":{"loc":{"start":{"line":37,"column":20},"end":{"line":37,"column":128}},"type":"if","locations":[{"start":{"line":37,"column":20},"end":{"line":37,"column":128}},{"start":{},"end":{}}],"line":37},"23":{"loc":{"start":{"line":37,"column":24},"end":{"line":37,"column":106}},"type":"binary-expr","locations":[{"start":{"line":37,"column":24},"end":{"line":37,"column":74}},{"start":{"line":37,"column":79},"end":{"line":37,"column":90}},{"start":{"line":37,"column":94},"end":{"line":37,"column":105}}],"line":37},"24":{"loc":{"start":{"line":37,"column":42},"end":{"line":37,"column":73}},"type":"binary-expr","locations":[{"start":{"line":37,"column":42},"end":{"line":37,"column":54}},{"start":{"line":37,"column":58},"end":{"line":37,"column":73}}],"line":37},"25":{"loc":{"start":{"line":38,"column":20},"end":{"line":38,"column":106}},"type":"if","locations":[{"start":{"line":38,"column":20},"end":{"line":38,"column":106}},{"start":{},"end":{}}],"line":38},"26":{"loc":{"start":{"line":38,"column":24},"end":{"line":38,"column":77}},"type":"binary-expr","locations":[{"start":{"line":38,"column":24},"end":{"line":38,"column":35}},{"start":{"line":38,"column":40},"end":{"line":38,"column":42}},{"start":{"line":38,"column":47},"end":{"line":38,"column":59}},{"start":{"line":38,"column":63},"end":{"line":38,"column":75}}],"line":38},"27":{"loc":{"start":{"line":39,"column":20},"end":{"line":39,"column":89}},"type":"if","locations":[{"start":{"line":39,"column":20},"end":{"line":39,"column":89}},{"start":{},"end":{}}],"line":39},"28":{"loc":{"start":{"line":39,"column":24},"end":{"line":39,"column":53}},"type":"binary-expr","locations":[{"start":{"line":39,"column":24},"end":{"line":39,"column":35}},{"start":{"line":39,"column":39},"end":{"line":39,"column":53}}],"line":39},"29":{"loc":{"start":{"line":40,"column":20},"end":{"line":40,"column":87}},"type":"if","locations":[{"start":{"line":40,"column":20},"end":{"line":40,"column":87}},{"start":{},"end":{}}],"line":40},"30":{"loc":{"start":{"line":40,"column":24},"end":{"line":40,"column":43}},"type":"binary-expr","locations":[{"start":{"line":40,"column":24},"end":{"line":40,"column":25}},{"start":{"line":40,"column":29},"end":{"line":40,"column":43}}],"line":40},"31":{"loc":{"start":{"line":41,"column":20},"end":{"line":41,"column":42}},"type":"if","locations":[{"start":{"line":41,"column":20},"end":{"line":41,"column":42}},{"start":{},"end":{}}],"line":41},"32":{"loc":{"start":{"line":46,"column":8},"end":{"line":46,"column":35}},"type":"if","locations":[{"start":{"line":46,"column":8},"end":{"line":46,"column":35}},{"start":{},"end":{}}],"line":46},"33":{"loc":{"start":{"line":46,"column":52},"end":{"line":46,"column":74}},"type":"cond-expr","locations":[{"start":{"line":46,"column":60},"end":{"line":46,"column":65}},{"start":{"line":46,"column":68},"end":{"line":46,"column":74}}],"line":46},"34":{"loc":{"start":{"line":61,"column":16},"end":{"line":81,"column":17}},"type":"switch","locations":[{"start":{"line":62,"column":20},"end":{"line":69,"column":37}},{"start":{"line":70,"column":20},"end":{"line":72,"column":93}},{"start":{"line":73,"column":20},"end":{"line":75,"column":62}},{"start":{"line":76,"column":20},"end":{"line":76,"column":61}},{"start":{"line":77,"column":20},"end":{"line":79,"column":38}},{"start":{"line":80,"column":20},"end":{"line":80,"column":50}}],"line":61}},"s":{"0":1,"1":2,"2":0,"3":0,"4":0,"5":0,"6":0,"7":0,"8":0,"9":0,"10":2,"11":1,"12":0,"13":0,"14":3,"15":0,"16":0,"17":0,"18":0,"19":0,"20":0,"21":0,"22":3,"23":1,"24":3,"25":3,"26":0,"27":3,"28":3,"29":0,"30":9,"31":3,"32":3,"33":0,"34":3,"35":12,"36":12,"37":0,"38":12,"39":0,"40":12,"41":3,"42":3,"43":0,"44":0,"45":0,"46":0,"47":0,"48":0,"49":0,"50":0,"51":0,"52":9,"53":3,"54":3,"55":6,"56":0,"57":0,"58":6,"59":3,"60":3,"61":3,"62":3,"63":0,"64":0,"65":0,"66":3,"67":0,"68":3,"69":3,"70":6,"71":6,"72":6,"73":12,"74":3,"75":3,"76":0,"77":1,"78":1,"79":1,"80":1,"81":2,"82":2,"83":1,"84":3,"85":3,"86":6,"87":3,"88":3,"89":3,"90":3,"91":3,"92":3,"93":0,"94":0,"95":0,"96":3,"97":3,"98":0,"99":1,"100":1},"f":{"0":2,"1":0,"2":3,"3":0,"4":0,"5":3,"6":0,"7":0,"8":0,"9":3,"10":3,"11":0,"12":9,"13":3,"14":3,"15":1,"16":2,"17":3,"18":3,"19":6},"b":{"0":[1,1,1],"1":[2,0],"2":[0,0],"3":[1,1,1],"4":[0,0],"5":[3,3],"6":[0,0],"7":[3,3],"8":[1,1,1],"9":[0,3],"10":[3,3],"11":[0,3],"12":[15,3],"13":[3,0],"14":[0,12],"15":[12,0,0],"16":[0,0],"17":[0,0],"18":[0,0],"19":[0,0],"20":[0,12],"21":[3,3,0,0,0,9],"22":[3,6],"23":[9,3,0],"24":[9,6],"25":[0,6],"26":[6,0,0,0],"27":[3,3],"28":[6,6],"29":[0,3],"30":[3,3],"31":[0,3],"32":[3,0],"33":[0,0],"34":[3,3,0,0,3,0]},"_coverageSchema":"1a1c01bbd47fc00a2c39e90264f33305004495a9","hash":"816b39583f4ff9f990d0ce24c46a32bff54ac5e5"}
,"/Users/francoberton/Desktop/Experimental/magikfake/sdk/src/index.ts": {"path":"/Users/francoberton/Desktop/Experimental/magikfake/sdk/src/index.ts","statementMap":{"0":{"start":{"line":2,"column":0},"end":{"line":2,"column":62}},"1":{"start":{"line":3,"column":0},"end":{"line":3,"column":24}},"2":{"start":{"line":4,"column":18},"end":{"line":4,"column":40}},"3":{"start":{"line":5,"column":15},"end":{"line":5,"column":34}},"4":{"start":{"line":6,"column":28},"end":{"line":12,"column":3}},"5":{"start":{"line":8,"column":8},"end":{"line":8,"column":57}},"6":{"start":{"line":9,"column":8},"end":{"line":9,"column":50}},"7":{"start":{"line":11,"column":4},"end":{"line":11,"column":18}},"8":{"start":{"line":13,"column":0},"end":{"line":13,"column":24}}},"fnMap":{"0":{"name":"(anonymous_0)","decl":{"start":{"line":6,"column":28},"end":{"line":6,"column":29}},"loc":{"start":{"line":6,"column":40},"end":{"line":12,"column":1}},"line":6},"1":{"name":"Client","decl":{"start":{"line":7,"column":13},"end":{"line":7,"column":19}},"loc":{"start":{"line":7,"column":28},"end":{"line":10,"column":5}},"line":7}},"branchMap":{},"s":{"0":1,"1":1,"2":1,"3":1,"4":1,"5":1,"6":1,"7":1,"8":1},"f":{"0":1,"1":1},"b":{},"_coverageSchema":"1a1c01bbd47fc00a2c39e90264f33305004495a9","hash":"6f64dd27aff0b99fb428aae94242296e88965ac2"}
,"/Users/francoberton/Desktop/Experimental/magikfake/sdk/src/types.ts": {"path":"/Users/francoberton/Desktop/Experimental/magikfake/sdk/src/types.ts","statementMap":{"0":{"start":{"line":2,"column":0},"end":{"line":2,"column":62}},"1":{"start":{"line":3,"column":0},"end":{"line":3,"column":65}},"2":{"start":{"line":5,"column":0},"end":{"line":8,"column":65}},"3":{"start":{"line":6,"column":4},"end":{"line":6,"column":40}},"4":{"start":{"line":7,"column":4},"end":{"line":7,"column":36}},"5":{"start":{"line":10,"column":0},"end":{"line":16,"column":59}},"6":{"start":{"line":11,"column":4},"end":{"line":11,"column":26}},"7":{"start":{"line":12,"column":4},"end":{"line":12,"column":26}},"8":{"start":{"line":13,"column":4},"end":{"line":13,"column":26}},"9":{"start":{"line":14,"column":4},"end":{"line":14,"column":26}},"10":{"start":{"line":15,"column":4},"end":{"line":15,"column":26}},"11":{"start":{"line":18,"column":0},"end":{"line":143,"column":56}},"12":{"start":{"line":19,"column":4},"end":{"line":19,"column":47}},"13":{"start":{"line":20,"column":4},"end":{"line":20,"column":47}},"14":{"start":{"line":21,"column":4},"end":{"line":21,"column":27}},"15":{"start":{"line":22,"column":4},"end":{"line":22,"column":49}},"16":{"start":{"line":23,"column":4},"end":{"line":23,"column":71}},"17":{"start":{"line":24,"column":4},"end":{"line":24,"column":49}},"18":{"start":{"line":25,"column":4},"end":{"line":25,"column":31}},"19":{"start":{"line":26,"column":4},"end":{"line":26,"column":33}},"20":{"start":{"line":27,"column":4},"end":{"line":27,"column":59}},"21":{"start":{"line":28,"column":4},"end":{"line":28,"column":41}},"22":{"start":{"line":29,"column":4},"end":{"line":29,"column":45}},"23":{"start":{"line":30,"column":4},"end":{"line":30,"column":43}},"24":{"start":{"line":31,"column":4},"end":{"line":31,"column":37}},"25":{"start":{"line":32,"column":4},"end":{"line":32,"column":35}},"26":{"start":{"line":33,"column":4},"end":{"line":33,"column":63}},"27":{"start":{"line":34,"column":4},"end":{"line":34,"column":43}},"28":{"start":{"line":35,"column":4},"end":{"line":35,"column":29}},"29":{"start":{"line":36,"column":4},"end":{"line":36,"column":35}},"30":{"start":{"line":37,"column":4},"end":{"line":37,"column":35}},"31":{"start":{"line":38,"column":4},"end":{"line":38,"column":39}},"32":{"start":{"line":39,"column":4},"end":{"line":39,"column":51}},"33":{"start":{"line":40,"column":4},"end":{"line":40,"column":47}},"34":{"start":{"line":41,"column":4},"end":{"line":41,"column":49}},"35":{"start":{"line":42,"column":4},"end":{"line":42,"column":45}},"36":{"start":{"line":43,"column":4},"end":{"line":43,"column":51}},"37":{"start":{"line":44,"column":4},"end":{"line":44,"column":47}},"38":{"start":{"line":45,"column":4},"end":{"line":45,"column":51}},"39":{"start":{"line":46,"column":4},"end":{"line":46,"column":41}},"40":{"start":{"line":47,"column":4},"end":{"line":47,"column":45}},"41":{"start":{"line":48,"column":4},"end":{"line":48,"column":33}},"42":{"start":{"line":49,"column":4},"end":{"line":49,"column":51}},"43":{"start":{"line":50,"column":4},"end":{"line":50,"column":47}},"44":{"start":{"line":51,"column":4},"end":{"line":51,"column":39}},"45":{"start":{"line":52,"column":4},"end":{"line":52,"column":49}},"46":{"start":{"line":53,"column":4},"end":{"line":53,"column":35}},"47":{"start":{"line":54,"column":4},"end":{"line":54,"column":51}},"48":{"start":{"line":55,"column":4},"end":{"line":55,"column":37}},"49":{"start":{"line":56,"column":4},"end":{"line":56,"column":47}},"50":{"start":{"line":57,"column":4},"end":{"line":57,"column":57}},"51":{"start":{"line":58,"column":4},"end":{"line":58,"column":63}},"52":{"start":{"line":59,"column":4},"end":{"line":59,"column":53}},"53":{"start":{"line":60,"column":4},"end":{"line":60,"column":33}},"54":{"start":{"line":61,"column":4},"end":{"line":61,"column":49}},"55":{"start":{"line":62,"column":4},"end":{"line":62,"column":55}},"56":{"start":{"line":63,"column":4},"end":{"line":63,"column":41}},"57":{"start":{"line":64,"column":4},"end":{"line":64,"column":45}},"58":{"start":{"line":65,"column":4},"end":{"line":65,"column":37}},"59":{"start":{"line":66,"column":4},"end":{"line":66,"column":35}},"60":{"start":{"line":67,"column":4},"end":{"line":67,"column":39}},"61":{"start":{"line":68,"column":4},"end":{"line":68,"column":69}},"62":{"start":{"line":69,"column":4},"end":{"line":69,"column":47}},"63":{"start":{"line":70,"column":4},"end":{"line":70,"column":33}},"64":{"start":{"line":71,"column":4},"end":{"line":71,"column":37}},"65":{"start":{"line":72,"column":4},"end":{"line":72,"column":53}},"66":{"start":{"line":73,"column":4},"end":{"line":73,"column":41}},"67":{"start":{"line":74,"column":4},"end":{"line":74,"column":33}},"68":{"start":{"line":75,"column":4},"end":{"line":75,"column":31}},"69":{"start":{"line":76,"column":4},"end":{"line":76,"column":63}},"70":{"start":{"line":77,"column":4},"end":{"line":77,"column":45}},"71":{"start":{"line":78,"column":4},"end":{"line":78,"column":51}},"72":{"start":{"line":79,"column":4},"end":{"line":79,"column":53}},"73":{"start":{"line":80,"column":4},"end":{"line":80,"column":67}},"74":{"start":{"line":81,"column":4},"end":{"line":81,"column":43}},"75":{"start":{"line":82,"column":4},"end":{"line":82,"column":35}},"76":{"start":{"line":83,"column":4},"end":{"line":83,"column":49}},"77":{"start":{"line":84,"column":4},"end":{"line":84,"column":35}},"78":{"start":{"line":85,"column":4},"end":{"line":85,"column":43}},"79":{"start":{"line":86,"column":4},"end":{"line":86,"column":43}},"80":{"start":{"line":87,"column":4},"end":{"line":87,"column":61}},"81":{"start":{"line":88,"column":4},"end":{"line":88,"column":33}},"82":{"start":{"line":89,"column":4},"end":{"line":89,"column":41}},"83":{"start":{"line":90,"column":4},"end":{"line":90,"column":31}},"84":{"start":{"line":91,"column":4},"end":{"line":91,"column":53}},"85":{"start":{"line":92,"column":4},"end":{"line":92,"column":33}},"86":{"start":{"line":93,"column":4},"end":{"line":93,"column":69}},"87":{"start":{"line":94,"column":4},"end":{"line":94,"column":55}},"88":{"start":{"line":95,"column":4},"end":{"line":95,"column":37}},"89":{"start":{"line":96,"column":4},"end":{"line":96,"column":35}},"90":{"start":{"line":97,"column":4},"end":{"line":97,"column":45}},"91":{"start":{"line":98,"column":4},"end":{"line":98,"column":31}},"92":{"start":{"line":99,"column":4},"end":{"line":99,"column":37}},"93":{"start":{"line":100,"column":4},"end":{"line":100,"column":35}},"94":{"start":{"line":101,"column":4},"end":{"line":101,"column":35}},"95":{"start":{"line":102,"column":4},"end":{"line":102,"column":37}},"96":{"start":{"line":103,"column":4},"end":{"line":103,"column":75}},"97":{"start":{"line":104,"column":4},"end":{"line":104,"column":39}},"98":{"start":{"line":105,"column":4},"end":{"line":105,"column":45}},"99":{"start":{"line":106,"column":4},"end":{"line":106,"column":37}},"100":{"start":{"line":107,"column":4},"end":{"line":107,"column":49}},"101":{"start":{"line":108,"column":4},"end":{"line":108,"column":41}},"102":{"start":{"line":109,"column":4},"end":{"line":109,"column":39}},"103":{"start":{"line":110,"column":4},"end":{"line":110,"column":27}},"104":{"start":{"line":111,"column":4},"end":{"line":111,"column":39}},"105":{"start":{"line":112,"column":4},"end":{"line":112,"column":53}},"106":{"start":{"line":113,"column":4},"end":{"line":113,"column":53}},"107":{"start":{"line":114,"column":4},"end":{"line":114,"column":69}},"108":{"start":{"line":115,"column":4},"end":{"line":115,"column":75}},"109":{"start":{"line":116,"column":4},"end":{"line":116,"column":41}},"110":{"start":{"line":117,"column":4},"end":{"line":117,"column":47}},"111":{"start":{"line":118,"column":4},"end":{"line":118,"column":47}},"112":{"start":{"line":119,"column":4},"end":{"line":119,"column":49}},"113":{"start":{"line":120,"column":4},"end":{"line":120,"column":71}},"114":{"start":{"line":121,"column":4},"end":{"line":121,"column":37}},"115":{"start":{"line":122,"column":4},"end":{"line":122,"column":27}},"116":{"start":{"line":123,"column":4},"end":{"line":123,"column":41}},"117":{"start":{"line":124,"column":4},"end":{"line":124,"column":35}},"118":{"start":{"line":125,"column":4},"end":{"line":125,"column":49}},"119":{"start":{"line":126,"column":4},"end":{"line":126,"column":47}},"120":{"start":{"line":127,"column":4},"end":{"line":127,"column":53}},"121":{"start":{"line":128,"column":4},"end":{"line":128,"column":85}},"122":{"start":{"line":129,"column":4},"end":{"line":129,"column":35}},"123":{"start":{"line":130,"column":4},"end":{"line":130,"column":37}},"124":{"start":{"line":131,"column":4},"end":{"line":131,"column":35}},"125":{"start":{"line":132,"column":4},"end":{"line":132,"column":35}},"126":{"start":{"line":133,"column":4},"end":{"line":133,"column":47}},"127":{"start":{"line":134,"column":4},"end":{"line":134,"column":65}},"128":{"start":{"line":135,"column":4},"end":{"line":135,"column":59}},"129":{"start":{"line":136,"column":4},"end":{"line":136,"column":65}},"130":{"start":{"line":137,"column":4},"end":{"line":137,"column":55}},"131":{"start":{"line":138,"column":4},"end":{"line":138,"column":47}},"132":{"start":{"line":139,"column":4},"end":{"line":139,"column":49}},"133":{"start":{"line":140,"column":4},"end":{"line":140,"column":33}},"134":{"start":{"line":141,"column":4},"end":{"line":141,"column":37}},"135":{"start":{"line":142,"column":4},"end":{"line":142,"column":27}}},"fnMap":{"0":{"name":"(anonymous_0)","decl":{"start":{"line":5,"column":1},"end":{"line":5,"column":2}},"loc":{"start":{"line":5,"column":23},"end":{"line":8,"column":1}},"line":5},"1":{"name":"(anonymous_1)","decl":{"start":{"line":10,"column":1},"end":{"line":10,"column":2}},"loc":{"start":{"line":10,"column":21},"end":{"line":16,"column":1}},"line":10},"2":{"name":"(anonymous_2)","decl":{"start":{"line":18,"column":1},"end":{"line":18,"column":2}},"loc":{"start":{"line":18,"column":20},"end":{"line":143,"column":1}},"line":18}},"branchMap":{"0":{"loc":{"start":{"line":8,"column":16},"end":{"line":8,"column":63}},"type":"binary-expr","locations":[{"start":{"line":8,"column":16},"end":{"line":8,"column":34}},{"start":{"line":8,"column":39},"end":{"line":8,"column":62}}],"line":8},"1":{"loc":{"start":{"line":16,"column":14},"end":{"line":16,"column":57}},"type":"binary-expr","locations":[{"start":{"line":16,"column":14},"end":{"line":16,"column":30}},{"start":{"line":16,"column":35},"end":{"line":16,"column":56}}],"line":16},"2":{"loc":{"start":{"line":143,"column":13},"end":{"line":143,"column":54}},"type":"binary-expr","locations":[{"start":{"line":143,"column":13},"end":{"line":143,"column":28}},{"start":{"line":143,"column":33},"end":{"line":143,"column":53}}],"line":143}},"s":{"0":1,"1":1,"2":1,"3":1,"4":1,"5":1,"6":1,"7":1,"8":1,"9":1,"10":1,"11":1,"12":1,"13":1,"14":1,"15":1,"16":1,"17":1,"18":1,"19":1,"20":1,"21":1,"22":1,"23":1,"24":1,"25":1,"26":1,"27":1,"28":1,"29":1,"30":1,"31":1,"32":1,"33":1,"34":1,"35":1,"36":1,"37":1,"38":1,"39":1,"40":1,"41":1,"42":1,"43":1,"44":1,"45":1,"46":1,"47":1,"48":1,"49":1,"50":1,"51":1,"52":1,"53":1,"54":1,"55":1,"56":1,"57":1,"58":1,"59":1,"60":1,"61":1,"62":1,"63":1,"64":1,"65":1,"66":1,"67":1,"68":1,"69":1,"70":1,"71":1,"72":1,"73":1,"74":1,"75":1,"76":1,"77":1,"78":1,"79":1,"80":1,"81":1,"82":1,"83":1,"84":1,"85":1,"86":1,"87":1,"88":1,"89":1,"90":1,"91":1,"92":1,"93":1,"94":1,"95":1,"96":1,"97":1,"98":1,"99":1,"100":1,"101":1,"102":1,"103":1,"104":1,"105":1,"106":1,"107":1,"108":1,"109":1,"110":1,"111":1,"112":1,"113":1,"114":1,"115":1,"116":1,"117":1,"118":1,"119":1,"120":1,"121":1,"122":1,"123":1,"124":1,"125":1,"126":1,"127":1,"128":1,"129":1,"130":1,"131":1,"132":1,"133":1,"134":1,"135":1},"f":{"0":1,"1":1,"2":1},"b":{"0":[1,1],"1":[1,1],"2":[1,1]},"_coverageSchema":"1a1c01bbd47fc00a2c39e90264f33305004495a9","hash":"137ce9039c627e376cd395536c2b4982b9cc2bb9"}
,"/Users/francoberton/Desktop/Experimental/magikfake/sdk/src/fake-data/index.ts": {"path":"/Users/francoberton/Desktop/Experimental/magikfake/sdk/src/fake-data/index.ts","statementMap":{"0":{"start":{"line":2,"column":16},"end":{"line":16,"column":4}},"1":{"start":{"line":3,"column":24},"end":{"line":8,"column":5}},"2":{"start":{"line":4,"column":8},"end":{"line":6,"column":110}},"3":{"start":{"line":5,"column":69},"end":{"line":5,"column":85}},"4":{"start":{"line":6,"column":30},"end":{"line":6,"column":107}},"5":{"start":{"line":6,"column":47},"end":{"line":6,"column":107}},"6":{"start":{"line":6,"column":95},"end":{"line":6,"column":107}},"7":{"start":{"line":7,"column":8},"end":{"line":7,"column":35}},"8":{"start":{"line":9,"column":4},"end":{"line":15,"column":6}},"9":{"start":{"line":10,"column":8},"end":{"line":11,"column":102}},"10":{"start":{"line":11,"column":12},"end":{"line":11,"column":102}},"11":{"start":{"line":12,"column":8},"end":{"line":12,"column":28}},"12":{"start":{"line":13,"column":24},"end":{"line":13,"column":45}},"13":{"start":{"line":14,"column":8},"end":{"line":14,"column":93}},"14":{"start":{"line":17,"column":16},"end":{"line":25,"column":1}},"15":{"start":{"line":18,"column":28},"end":{"line":18,"column":110}},"16":{"start":{"line":18,"column":91},"end":{"line":18,"column":106}},"17":{"start":{"line":19,"column":4},"end":{"line":24,"column":7}},"18":{"start":{"line":20,"column":36},"end":{"line":20,"column":97}},"19":{"start":{"line":20,"column":42},"end":{"line":20,"column":70}},"20":{"start":{"line":20,"column":85},"end":{"line":20,"column":95}},"21":{"start":{"line":21,"column":35},"end":{"line":21,"column":100}},"22":{"start":{"line":21,"column":41},"end":{"line":21,"column":73}},"23":{"start":{"line":21,"column":88},"end":{"line":21,"column":98}},"24":{"start":{"line":22,"column":32},"end":{"line":22,"column":116}},"25":{"start":{"line":23,"column":8},"end":{"line":23,"column":78}},"26":{"start":{"line":26,"column":18},"end":{"line":52,"column":1}},"27":{"start":{"line":27,"column":12},"end":{"line":27,"column":104}},"28":{"start":{"line":27,"column":43},"end":{"line":27,"column":68}},"29":{"start":{"line":27,"column":57},"end":{"line":27,"column":68}},"30":{"start":{"line":27,"column":69},"end":{"line":27,"column":81}},"31":{"start":{"line":28,"column":4},"end":{"line":28,"column":157}},"32":{"start":{"line":28,"column":138},"end":{"line":28,"column":150}},"33":{"start":{"line":29,"column":23},"end":{"line":29,"column":68}},"34":{"start":{"line":29,"column":45},"end":{"line":29,"column":65}},"35":{"start":{"line":31,"column":8},"end":{"line":31,"column":70}},"36":{"start":{"line":31,"column":15},"end":{"line":31,"column":70}},"37":{"start":{"line":32,"column":8},"end":{"line":49,"column":66}},"38":{"start":{"line":32,"column":50},"end":{"line":49,"column":66}},"39":{"start":{"line":33,"column":12},"end":{"line":33,"column":169}},"40":{"start":{"line":33,"column":160},"end":{"line":33,"column":169}},"41":{"start":{"line":34,"column":12},"end":{"line":34,"column":52}},"42":{"start":{"line":34,"column":26},"end":{"line":34,"column":52}},"43":{"start":{"line":35,"column":12},"end":{"line":47,"column":13}},"44":{"start":{"line":36,"column":32},"end":{"line":36,"column":39}},"45":{"start":{"line":36,"column":40},"end":{"line":36,"column":46}},"46":{"start":{"line":37,"column":24},"end":{"line":37,"column":34}},"47":{"start":{"line":37,"column":35},"end":{"line":37,"column":72}},"48":{"start":{"line":38,"column":24},"end":{"line":38,"column":34}},"49":{"start":{"line":38,"column":35},"end":{"line":38,"column":45}},"50":{"start":{"line":38,"column":46},"end":{"line":38,"column":55}},"51":{"start":{"line":38,"column":56},"end":{"line":38,"column":65}},"52":{"start":{"line":39,"column":24},"end":{"line":39,"column":41}},"53":{"start":{"line":39,"column":42},"end":{"line":39,"column":55}},"54":{"start":{"line":39,"column":56},"end":{"line":39,"column":65}},"55":{"start":{"line":41,"column":20},"end":{"line":41,"column":128}},"56":{"start":{"line":41,"column":110},"end":{"line":41,"column":116}},"57":{"start":{"line":41,"column":117},"end":{"line":41,"column":126}},"58":{"start":{"line":42,"column":20},"end":{"line":42,"column":106}},"59":{"start":{"line":42,"column":81},"end":{"line":42,"column":97}},"60":{"start":{"line":42,"column":98},"end":{"line":42,"column":104}},"61":{"start":{"line":43,"column":20},"end":{"line":43,"column":89}},"62":{"start":{"line":43,"column":57},"end":{"line":43,"column":72}},"63":{"start":{"line":43,"column":73},"end":{"line":43,"column":80}},"64":{"start":{"line":43,"column":81},"end":{"line":43,"column":87}},"65":{"start":{"line":44,"column":20},"end":{"line":44,"column":87}},"66":{"start":{"line":44,"column":47},"end":{"line":44,"column":62}},"67":{"start":{"line":44,"column":63},"end":{"line":44,"column":78}},"68":{"start":{"line":44,"column":79},"end":{"line":44,"column":85}},"69":{"start":{"line":45,"column":20},"end":{"line":45,"column":42}},"70":{"start":{"line":45,"column":30},"end":{"line":45,"column":42}},"71":{"start":{"line":46,"column":20},"end":{"line":46,"column":33}},"72":{"start":{"line":46,"column":34},"end":{"line":46,"column":43}},"73":{"start":{"line":48,"column":12},"end":{"line":48,"column":39}},"74":{"start":{"line":49,"column":22},"end":{"line":49,"column":34}},"75":{"start":{"line":49,"column":35},"end":{"line":49,"column":41}},"76":{"start":{"line":49,"column":54},"end":{"line":49,"column":64}},"77":{"start":{"line":50,"column":8},"end":{"line":50,"column":35}},"78":{"start":{"line":50,"column":23},"end":{"line":50,"column":35}},"79":{"start":{"line":50,"column":36},"end":{"line":50,"column":89}},"80":{"start":{"line":53,"column":0},"end":{"line":53,"column":62}},"81":{"start":{"line":54,"column":0},"end":{"line":54,"column":26}},"82":{"start":{"line":55,"column":13},"end":{"line":55,"column":31}},"83":{"start":{"line":56,"column":14},"end":{"line":56,"column":33}},"84":{"start":{"line":57,"column":19},"end":{"line":57,"column":30}},"85":{"start":{"line":58,"column":30},"end":{"line":79,"column":14}},"86":{"start":{"line":59,"column":4},"end":{"line":59,"column":32}},"87":{"start":{"line":61,"column":8},"end":{"line":61,"column":72}},"88":{"start":{"line":63,"column":4},"end":{"line":77,"column":6}},"89":{"start":{"line":64,"column":8},"end":{"line":64,"column":70}},"90":{"start":{"line":64,"column":34},"end":{"line":64,"column":68}},"91":{"start":{"line":65,"column":8},"end":{"line":65,"column":45}},"92":{"start":{"line":65,"column":32},"end":{"line":65,"column":43}},"93":{"start":{"line":66,"column":8},"end":{"line":76,"column":11}},"94":{"start":{"line":68,"column":12},"end":{"line":75,"column":15}},"95":{"start":{"line":69,"column":16},"end":{"line":74,"column":17}},"96":{"start":{"line":70,"column":28},"end":{"line":70,"column":211}},"97":{"start":{"line":72,"column":24},"end":{"line":72,"column":52}},"98":{"start":{"line":73,"column":24},"end":{"line":73,"column":54}},"99":{"start":{"line":78,"column":4},"end":{"line":78,"column":20}},"100":{"start":{"line":80,"column":0},"end":{"line":80,"column":28}}},"fnMap":{"0":{"name":"(anonymous_0)","decl":{"start":{"line":2,"column":45},"end":{"line":2,"column":46}},"loc":{"start":{"line":2,"column":57},"end":{"line":16,"column":1}},"line":2},"1":{"name":"(anonymous_1)","decl":{"start":{"line":3,"column":24},"end":{"line":3,"column":25}},"loc":{"start":{"line":3,"column":40},"end":{"line":8,"column":5}},"line":3},"2":{"name":"(anonymous_2)","decl":{"start":{"line":5,"column":51},"end":{"line":5,"column":52}},"loc":{"start":{"line":5,"column":67},"end":{"line":5,"column":87}},"line":5},"3":{"name":"(anonymous_3)","decl":{"start":{"line":6,"column":12},"end":{"line":6,"column":13}},"loc":{"start":{"line":6,"column":28},"end":{"line":6,"column":109}},"line":6},"4":{"name":"(anonymous_4)","decl":{"start":{"line":9,"column":11},"end":{"line":9,"column":12}},"loc":{"start":{"line":9,"column":27},"end":{"line":15,"column":5}},"line":9},"5":{"name":"__","decl":{"start":{"line":13,"column":17},"end":{"line":13,"column":19}},"loc":{"start":{"line":13,"column":22},"end":{"line":13,"column":47}},"line":13},"6":{"name":"(anonymous_6)","decl":{"start":{"line":17,"column":44},"end":{"line":17,"column":45}},"loc":{"start":{"line":17,"column":89},"end":{"line":25,"column":1}},"line":17},"7":{"name":"adopt","decl":{"start":{"line":18,"column":13},"end":{"line":18,"column":18}},"loc":{"start":{"line":18,"column":26},"end":{"line":18,"column":112}},"line":18},"8":{"name":"(anonymous_8)","decl":{"start":{"line":18,"column":70},"end":{"line":18,"column":71}},"loc":{"start":{"line":18,"column":89},"end":{"line":18,"column":108}},"line":18},"9":{"name":"(anonymous_9)","decl":{"start":{"line":19,"column":36},"end":{"line":19,"column":37}},"loc":{"start":{"line":19,"column":63},"end":{"line":24,"column":5}},"line":19},"10":{"name":"fulfilled","decl":{"start":{"line":20,"column":17},"end":{"line":20,"column":26}},"loc":{"start":{"line":20,"column":34},"end":{"line":20,"column":99}},"line":20},"11":{"name":"rejected","decl":{"start":{"line":21,"column":17},"end":{"line":21,"column":25}},"loc":{"start":{"line":21,"column":33},"end":{"line":21,"column":102}},"line":21},"12":{"name":"step","decl":{"start":{"line":22,"column":17},"end":{"line":22,"column":21}},"loc":{"start":{"line":22,"column":30},"end":{"line":22,"column":118}},"line":22},"13":{"name":"(anonymous_13)","decl":{"start":{"line":26,"column":48},"end":{"line":26,"column":49}},"loc":{"start":{"line":26,"column":73},"end":{"line":52,"column":1}},"line":26},"14":{"name":"(anonymous_14)","decl":{"start":{"line":27,"column":30},"end":{"line":27,"column":31}},"loc":{"start":{"line":27,"column":41},"end":{"line":27,"column":83}},"line":27},"15":{"name":"(anonymous_15)","decl":{"start":{"line":28,"column":125},"end":{"line":28,"column":126}},"loc":{"start":{"line":28,"column":136},"end":{"line":28,"column":152}},"line":28},"16":{"name":"verb","decl":{"start":{"line":29,"column":13},"end":{"line":29,"column":17}},"loc":{"start":{"line":29,"column":21},"end":{"line":29,"column":70}},"line":29},"17":{"name":"(anonymous_17)","decl":{"start":{"line":29,"column":30},"end":{"line":29,"column":31}},"loc":{"start":{"line":29,"column":43},"end":{"line":29,"column":67}},"line":29},"18":{"name":"step","decl":{"start":{"line":30,"column":13},"end":{"line":30,"column":17}},"loc":{"start":{"line":30,"column":22},"end":{"line":51,"column":5}},"line":30},"19":{"name":"(anonymous_19)","decl":{"start":{"line":58,"column":30},"end":{"line":58,"column":31}},"loc":{"start":{"line":58,"column":48},"end":{"line":79,"column":1}},"line":58},"20":{"name":"FakeData","decl":{"start":{"line":60,"column":13},"end":{"line":60,"column":21}},"loc":{"start":{"line":60,"column":24},"end":{"line":62,"column":5}},"line":60},"21":{"name":"(anonymous_21)","decl":{"start":{"line":63,"column":34},"end":{"line":63,"column":35}},"loc":{"start":{"line":63,"column":85},"end":{"line":77,"column":5}},"line":63},"22":{"name":"(anonymous_22)","decl":{"start":{"line":66,"column":47},"end":{"line":66,"column":48}},"loc":{"start":{"line":66,"column":59},"end":{"line":76,"column":9}},"line":66},"23":{"name":"(anonymous_23)","decl":{"start":{"line":68,"column":37},"end":{"line":68,"column":38}},"loc":{"start":{"line":68,"column":51},"end":{"line":75,"column":13}},"line":68}},"branchMap":{"0":{"loc":{"start":{"line":2,"column":16},"end":{"line":16,"column":4}},"type":"binary-expr","locations":[{"start":{"line":2,"column":17},"end":{"line":2,"column":21}},{"start":{"line":2,"column":25},"end":{"line":2,"column":39}},{"start":{"line":2,"column":44},"end":{"line":16,"column":4}}],"line":2},"1":{"loc":{"start":{"line":4,"column":24},"end":{"line":6,"column":109}},"type":"binary-expr","locations":[{"start":{"line":4,"column":24},"end":{"line":4,"column":45}},{"start":{"line":5,"column":13},"end":{"line":5,"column":47}},{"start":{"line":5,"column":51},"end":{"line":5,"column":87}},{"start":{"line":6,"column":12},"end":{"line":6,"column":109}}],"line":4},"2":{"loc":{"start":{"line":6,"column":47},"end":{"line":6,"column":107}},"type":"if","locations":[{"start":{"line":6,"column":47},"end":{"line":6,"column":107}},{"start":{},"end":{}}],"line":6},"3":{"loc":{"start":{"line":10,"column":8},"end":{"line":11,"column":102}},"type":"if","locations":[{"start":{"line":10,"column":8},"end":{"line":11,"column":102}},{"start":{},"end":{}}],"line":10},"4":{"loc":{"start":{"line":10,"column":12},"end":{"line":10,"column":49}},"type":"binary-expr","locations":[{"start":{"line":10,"column":12},"end":{"line":10,"column":35}},{"start":{"line":10,"column":39},"end":{"line":10,"column":49}}],"line":10},"5":{"loc":{"start":{"line":14,"column":22},"end":{"line":14,"column":92}},"type":"cond-expr","locations":[{"start":{"line":14,"column":35},"end":{"line":14,"column":51}},{"start":{"line":14,"column":55},"end":{"line":14,"column":91}}],"line":14},"6":{"loc":{"start":{"line":17,"column":16},"end":{"line":25,"column":1}},"type":"binary-expr","locations":[{"start":{"line":17,"column":17},"end":{"line":17,"column":21}},{"start":{"line":17,"column":25},"end":{"line":17,"column":39}},{"start":{"line":17,"column":44},"end":{"line":25,"column":1}}],"line":17},"7":{"loc":{"start":{"line":18,"column":35},"end":{"line":18,"column":109}},"type":"cond-expr","locations":[{"start":{"line":18,"column":56},"end":{"line":18,"column":61}},{"start":{"line":18,"column":64},"end":{"line":18,"column":109}}],"line":18},"8":{"loc":{"start":{"line":19,"column":16},"end":{"line":19,"column":34}},"type":"binary-expr","locations":[{"start":{"line":19,"column":16},"end":{"line":19,"column":17}},{"start":{"line":19,"column":22},"end":{"line":19,"column":33}}],"line":19},"9":{"loc":{"start":{"line":22,"column":32},"end":{"line":22,"column":115}},"type":"cond-expr","locations":[{"start":{"line":22,"column":46},"end":{"line":22,"column":67}},{"start":{"line":22,"column":70},"end":{"line":22,"column":115}}],"line":22},"10":{"loc":{"start":{"line":23,"column":51},"end":{"line":23,"column":67}},"type":"binary-expr","locations":[{"start":{"line":23,"column":51},"end":{"line":23,"column":61}},{"start":{"line":23,"column":65},"end":{"line":23,"column":67}}],"line":23},"11":{"loc":{"start":{"line":26,"column":18},"end":{"line":52,"column":1}},"type":"binary-expr","locations":[{"start":{"line":26,"column":19},"end":{"line":26,"column":23}},{"start":{"line":26,"column":27},"end":{"line":26,"column":43}},{"start":{"line":26,"column":48},"end":{"line":52,"column":1}}],"line":26},"12":{"loc":{"start":{"line":27,"column":43},"end":{"line":27,"column":68}},"type":"if","locations":[{"start":{"line":27,"column":43},"end":{"line":27,"column":68}},{"start":{},"end":{}}],"line":27},"13":{"loc":{"start":{"line":28,"column":71},"end":{"line":28,"column":153}},"type":"binary-expr","locations":[{"start":{"line":28,"column":71},"end":{"line":28,"column":99}},{"start":{"line":28,"column":104},"end":{"line":28,"column":152}}],"line":28},"14":{"loc":{"start":{"line":31,"column":8},"end":{"line":31,"column":70}},"type":"if","locations":[{"start":{"line":31,"column":8},"end":{"line":31,"column":70}},{"start":{},"end":{}}],"line":31},"15":{"loc":{"start":{"line":32,"column":15},"end":{"line":32,"column":45}},"type":"binary-expr","locations":[{"start":{"line":32,"column":15},"end":{"line":32,"column":16}},{"start":{"line":32,"column":21},"end":{"line":32,"column":44}}],"line":32},"16":{"loc":{"start":{"line":32,"column":28},"end":{"line":32,"column":44}},"type":"binary-expr","locations":[{"start":{"line":32,"column":28},"end":{"line":32,"column":33}},{"start":{"line":32,"column":38},"end":{"line":32,"column":43}}],"line":32},"17":{"loc":{"start":{"line":33,"column":12},"end":{"line":33,"column":169}},"type":"if","locations":[{"start":{"line":33,"column":12},"end":{"line":33,"column":169}},{"start":{},"end":{}}],"line":33},"18":{"loc":{"start":{"line":33,"column":23},"end":{"line":33,"column":158}},"type":"binary-expr","locations":[{"start":{"line":33,"column":23},"end":{"line":33,"column":24}},{"start":{"line":33,"column":29},"end":{"line":33,"column":125}},{"start":{"line":33,"column":130},"end":{"line":33,"column":158}}],"line":33},"19":{"loc":{"start":{"line":33,"column":33},"end":{"line":33,"column":125}},"type":"cond-expr","locations":[{"start":{"line":33,"column":45},"end":{"line":33,"column":56}},{"start":{"line":33,"column":59},"end":{"line":33,"column":125}}],"line":33},"20":{"loc":{"start":{"line":33,"column":59},"end":{"line":33,"column":125}},"type":"cond-expr","locations":[{"start":{"line":33,"column":67},"end":{"line":33,"column":116}},{"start":{"line":33,"column":119},"end":{"line":33,"column":125}}],"line":33},"21":{"loc":{"start":{"line":33,"column":67},"end":{"line":33,"column":116}},"type":"binary-expr","locations":[{"start":{"line":33,"column":67},"end":{"line":33,"column":77}},{"start":{"line":33,"column":82},"end":{"line":33,"column":115}}],"line":33},"22":{"loc":{"start":{"line":33,"column":82},"end":{"line":33,"column":112}},"type":"binary-expr","locations":[{"start":{"line":33,"column":83},"end":{"line":33,"column":98}},{"start":{"line":33,"column":103},"end":{"line":33,"column":112}}],"line":33},"23":{"loc":{"start":{"line":34,"column":12},"end":{"line":34,"column":52}},"type":"if","locations":[{"start":{"line":34,"column":12},"end":{"line":34,"column":52}},{"start":{},"end":{}}],"line":34},"24":{"loc":{"start":{"line":35,"column":12},"end":{"line":47,"column":13}},"type":"switch","locations":[{"start":{"line":36,"column":16},"end":{"line":36,"column":23}},{"start":{"line":36,"column":24},"end":{"line":36,"column":46}},{"start":{"line":37,"column":16},"end":{"line":37,"column":72}},{"start":{"line":38,"column":16},"end":{"line":38,"column":65}},{"start":{"line":39,"column":16},"end":{"line":39,"column":65}},{"start":{"line":40,"column":16},"end":{"line":46,"column":43}}],"line":35},"25":{"loc":{"start":{"line":41,"column":20},"end":{"line":41,"column":128}},"type":"if","locations":[{"start":{"line":41,"column":20},"end":{"line":41,"column":128}},{"start":{},"end":{}}],"line":41},"26":{"loc":{"start":{"line":41,"column":24},"end":{"line":41,"column":106}},"type":"binary-expr","locations":[{"start":{"line":41,"column":24},"end":{"line":41,"column":74}},{"start":{"line":41,"column":79},"end":{"line":41,"column":90}},{"start":{"line":41,"column":94},"end":{"line":41,"column":105}}],"line":41},"27":{"loc":{"start":{"line":41,"column":42},"end":{"line":41,"column":73}},"type":"binary-expr","locations":[{"start":{"line":41,"column":42},"end":{"line":41,"column":54}},{"start":{"line":41,"column":58},"end":{"line":41,"column":73}}],"line":41},"28":{"loc":{"start":{"line":42,"column":20},"end":{"line":42,"column":106}},"type":"if","locations":[{"start":{"line":42,"column":20},"end":{"line":42,"column":106}},{"start":{},"end":{}}],"line":42},"29":{"loc":{"start":{"line":42,"column":24},"end":{"line":42,"column":77}},"type":"binary-expr","locations":[{"start":{"line":42,"column":24},"end":{"line":42,"column":35}},{"start":{"line":42,"column":40},"end":{"line":42,"column":42}},{"start":{"line":42,"column":47},"end":{"line":42,"column":59}},{"start":{"line":42,"column":63},"end":{"line":42,"column":75}}],"line":42},"30":{"loc":{"start":{"line":43,"column":20},"end":{"line":43,"column":89}},"type":"if","locations":[{"start":{"line":43,"column":20},"end":{"line":43,"column":89}},{"start":{},"end":{}}],"line":43},"31":{"loc":{"start":{"line":43,"column":24},"end":{"line":43,"column":53}},"type":"binary-expr","locations":[{"start":{"line":43,"column":24},"end":{"line":43,"column":35}},{"start":{"line":43,"column":39},"end":{"line":43,"column":53}}],"line":43},"32":{"loc":{"start":{"line":44,"column":20},"end":{"line":44,"column":87}},"type":"if","locations":[{"start":{"line":44,"column":20},"end":{"line":44,"column":87}},{"start":{},"end":{}}],"line":44},"33":{"loc":{"start":{"line":44,"column":24},"end":{"line":44,"column":43}},"type":"binary-expr","locations":[{"start":{"line":44,"column":24},"end":{"line":44,"column":25}},{"start":{"line":44,"column":29},"end":{"line":44,"column":43}}],"line":44},"34":{"loc":{"start":{"line":45,"column":20},"end":{"line":45,"column":42}},"type":"if","locations":[{"start":{"line":45,"column":20},"end":{"line":45,"column":42}},{"start":{},"end":{}}],"line":45},"35":{"loc":{"start":{"line":50,"column":8},"end":{"line":50,"column":35}},"type":"if","locations":[{"start":{"line":50,"column":8},"end":{"line":50,"column":35}},{"start":{},"end":{}}],"line":50},"36":{"loc":{"start":{"line":50,"column":52},"end":{"line":50,"column":74}},"type":"cond-expr","locations":[{"start":{"line":50,"column":60},"end":{"line":50,"column":65}},{"start":{"line":50,"column":68},"end":{"line":50,"column":74}}],"line":50},"37":{"loc":{"start":{"line":61,"column":15},"end":{"line":61,"column":71}},"type":"binary-expr","locations":[{"start":{"line":61,"column":15},"end":{"line":61,"column":30}},{"start":{"line":61,"column":34},"end":{"line":61,"column":63}},{"start":{"line":61,"column":67},"end":{"line":61,"column":71}}],"line":61},"38":{"loc":{"start":{"line":64,"column":8},"end":{"line":64,"column":70}},"type":"if","locations":[{"start":{"line":64,"column":8},"end":{"line":64,"column":70}},{"start":{},"end":{}}],"line":64},"39":{"loc":{"start":{"line":65,"column":8},"end":{"line":65,"column":45}},"type":"if","locations":[{"start":{"line":65,"column":8},"end":{"line":65,"column":45}},{"start":{},"end":{}}],"line":65},"40":{"loc":{"start":{"line":69,"column":16},"end":{"line":74,"column":17}},"type":"switch","locations":[{"start":{"line":70,"column":20},"end":{"line":70,"column":211}},{"start":{"line":71,"column":20},"end":{"line":73,"column":54}}],"line":69}},"s":{"0":1,"1":1,"2":1,"3":0,"4":0,"5":0,"6":0,"7":1,"8":1,"9":1,"10":0,"11":1,"12":1,"13":1,"14":1,"15":3,"16":0,"17":3,"18":0,"19":0,"20":0,"21":3,"22":3,"23":3,"24":3,"25":3,"26":1,"27":3,"28":3,"29":3,"30":0,"31":3,"32":0,"33":9,"34":6,"35":6,"36":0,"37":6,"38":12,"39":12,"40":0,"41":12,"42":0,"43":12,"44":6,"45":6,"46":3,"47":3,"48":0,"49":0,"50":0,"51":0,"52":0,"53":0,"54":0,"55":3,"56":3,"57":3,"58":0,"59":0,"60":0,"61":0,"62":0,"63":0,"64":0,"65":0,"66":0,"67":0,"68":0,"69":0,"70":0,"71":0,"72":0,"73":6,"74":3,"75":3,"76":12,"77":3,"78":3,"79":0,"80":1,"81":1,"82":1,"83":1,"84":1,"85":1,"86":1,"87":1,"88":1,"89":3,"90":3,"91":3,"92":3,"93":3,"94":3,"95":6,"96":3,"97":3,"98":0,"99":1,"100":1},"f":{"0":1,"1":1,"2":0,"3":0,"4":1,"5":1,"6":3,"7":3,"8":0,"9":3,"10":0,"11":3,"12":3,"13":3,"14":3,"15":0,"16":9,"17":6,"18":6,"19":1,"20":1,"21":3,"22":3,"23":6},"b":{"0":[1,1,1],"1":[1,0,0,0],"2":[0,0],"3":[0,1],"4":[1,0],"5":[0,1],"6":[1,1,1],"7":[3,0],"8":[3,3],"9":[0,3],"10":[3,3],"11":[1,1,1],"12":[3,0],"13":[3,3],"14":[0,6],"15":[15,3],"16":[3,0],"17":[0,12],"18":[12,0,0],"19":[0,0],"20":[0,0],"21":[0,0],"22":[0,0],"23":[0,12],"24":[3,6,3,0,0,3],"25":[3,0],"26":[3,3,0],"27":[3,0],"28":[0,0],"29":[0,0,0,0],"30":[0,0],"31":[0,0],"32":[0,0],"33":[0,0],"34":[0,0],"35":[3,0],"36":[0,0],"37":[1,1,1],"38":[3,0],"39":[3,0],"40":[3,3]},"_coverageSchema":"1a1c01bbd47fc00a2c39e90264f33305004495a9","hash":"4109e1b86610a0c64209a196d54ac5885abf2b72"}
,"/Users/francoberton/Desktop/Experimental/magikfake/sdk/src/schema/index.ts": {"path":"/Users/francoberton/Desktop/Experimental/magikfake/sdk/src/schema/index.ts","statementMap":{"0":{"start":{"line":2,"column":16},"end":{"line":16,"column":4}},"1":{"start":{"line":3,"column":24},"end":{"line":8,"column":5}},"2":{"start":{"line":4,"column":8},"end":{"line":6,"column":110}},"3":{"start":{"line":5,"column":69},"end":{"line":5,"column":85}},"4":{"start":{"line":6,"column":30},"end":{"line":6,"column":107}},"5":{"start":{"line":6,"column":47},"end":{"line":6,"column":107}},"6":{"start":{"line":6,"column":95},"end":{"line":6,"column":107}},"7":{"start":{"line":7,"column":8},"end":{"line":7,"column":35}},"8":{"start":{"line":9,"column":4},"end":{"line":15,"column":6}},"9":{"start":{"line":10,"column":8},"end":{"line":11,"column":102}},"10":{"start":{"line":11,"column":12},"end":{"line":11,"column":102}},"11":{"start":{"line":12,"column":8},"end":{"line":12,"column":28}},"12":{"start":{"line":13,"column":24},"end":{"line":13,"column":45}},"13":{"start":{"line":14,"column":8},"end":{"line":14,"column":93}},"14":{"start":{"line":17,"column":16},"end":{"line":25,"column":1}},"15":{"start":{"line":18,"column":28},"end":{"line":18,"column":110}},"16":{"start":{"line":18,"column":91},"end":{"line":18,"column":106}},"17":{"start":{"line":19,"column":4},"end":{"line":24,"column":7}},"18":{"start":{"line":20,"column":36},"end":{"line":20,"column":97}},"19":{"start":{"line":20,"column":42},"end":{"line":20,"column":70}},"20":{"start":{"line":20,"column":85},"end":{"line":20,"column":95}},"21":{"start":{"line":21,"column":35},"end":{"line":21,"column":100}},"22":{"start":{"line":21,"column":41},"end":{"line":21,"column":73}},"23":{"start":{"line":21,"column":88},"end":{"line":21,"column":98}},"24":{"start":{"line":22,"column":32},"end":{"line":22,"column":116}},"25":{"start":{"line":23,"column":8},"end":{"line":23,"column":78}},"26":{"start":{"line":26,"column":18},"end":{"line":52,"column":1}},"27":{"start":{"line":27,"column":12},"end":{"line":27,"column":104}},"28":{"start":{"line":27,"column":43},"end":{"line":27,"column":68}},"29":{"start":{"line":27,"column":57},"end":{"line":27,"column":68}},"30":{"start":{"line":27,"column":69},"end":{"line":27,"column":81}},"31":{"start":{"line":28,"column":4},"end":{"line":28,"column":157}},"32":{"start":{"line":28,"column":138},"end":{"line":28,"column":150}},"33":{"start":{"line":29,"column":23},"end":{"line":29,"column":68}},"34":{"start":{"line":29,"column":45},"end":{"line":29,"column":65}},"35":{"start":{"line":31,"column":8},"end":{"line":31,"column":70}},"36":{"start":{"line":31,"column":15},"end":{"line":31,"column":70}},"37":{"start":{"line":32,"column":8},"end":{"line":49,"column":66}},"38":{"start":{"line":32,"column":50},"end":{"line":49,"column":66}},"39":{"start":{"line":33,"column":12},"end":{"line":33,"column":169}},"40":{"start":{"line":33,"column":160},"end":{"line":33,"column":169}},"41":{"start":{"line":34,"column":12},"end":{"line":34,"column":52}},"42":{"start":{"line":34,"column":26},"end":{"line":34,"column":52}},"43":{"start":{"line":35,"column":12},"end":{"line":47,"column":13}},"44":{"start":{"line":36,"column":32},"end":{"line":36,"column":39}},"45":{"start":{"line":36,"column":40},"end":{"line":36,"column":46}},"46":{"start":{"line":37,"column":24},"end":{"line":37,"column":34}},"47":{"start":{"line":37,"column":35},"end":{"line":37,"column":72}},"48":{"start":{"line":38,"column":24},"end":{"line":38,"column":34}},"49":{"start":{"line":38,"column":35},"end":{"line":38,"column":45}},"50":{"start":{"line":38,"column":46},"end":{"line":38,"column":55}},"51":{"start":{"line":38,"column":56},"end":{"line":38,"column":65}},"52":{"start":{"line":39,"column":24},"end":{"line":39,"column":41}},"53":{"start":{"line":39,"column":42},"end":{"line":39,"column":55}},"54":{"start":{"line":39,"column":56},"end":{"line":39,"column":65}},"55":{"start":{"line":41,"column":20},"end":{"line":41,"column":128}},"56":{"start":{"line":41,"column":110},"end":{"line":41,"column":116}},"57":{"start":{"line":41,"column":117},"end":{"line":41,"column":126}},"58":{"start":{"line":42,"column":20},"end":{"line":42,"column":106}},"59":{"start":{"line":42,"column":81},"end":{"line":42,"column":97}},"60":{"start":{"line":42,"column":98},"end":{"line":42,"column":104}},"61":{"start":{"line":43,"column":20},"end":{"line":43,"column":89}},"62":{"start":{"line":43,"column":57},"end":{"line":43,"column":72}},"63":{"start":{"line":43,"column":73},"end":{"line":43,"column":80}},"64":{"start":{"line":43,"column":81},"end":{"line":43,"column":87}},"65":{"start":{"line":44,"column":20},"end":{"line":44,"column":87}},"66":{"start":{"line":44,"column":47},"end":{"line":44,"column":62}},"67":{"start":{"line":44,"column":63},"end":{"line":44,"column":78}},"68":{"start":{"line":44,"column":79},"end":{"line":44,"column":85}},"69":{"start":{"line":45,"column":20},"end":{"line":45,"column":42}},"70":{"start":{"line":45,"column":30},"end":{"line":45,"column":42}},"71":{"start":{"line":46,"column":20},"end":{"line":46,"column":33}},"72":{"start":{"line":46,"column":34},"end":{"line":46,"column":43}},"73":{"start":{"line":48,"column":12},"end":{"line":48,"column":39}},"74":{"start":{"line":49,"column":22},"end":{"line":49,"column":34}},"75":{"start":{"line":49,"column":35},"end":{"line":49,"column":41}},"76":{"start":{"line":49,"column":54},"end":{"line":49,"column":64}},"77":{"start":{"line":50,"column":8},"end":{"line":50,"column":35}},"78":{"start":{"line":50,"column":23},"end":{"line":50,"column":35}},"79":{"start":{"line":50,"column":36},"end":{"line":50,"column":89}},"80":{"start":{"line":53,"column":0},"end":{"line":53,"column":62}},"81":{"start":{"line":54,"column":0},"end":{"line":54,"column":24}},"82":{"start":{"line":55,"column":13},"end":{"line":55,"column":31}},"83":{"start":{"line":56,"column":19},"end":{"line":56,"column":27}},"84":{"start":{"line":57,"column":28},"end":{"line":138,"column":14}},"85":{"start":{"line":58,"column":4},"end":{"line":58,"column":30}},"86":{"start":{"line":60,"column":8},"end":{"line":60,"column":72}},"87":{"start":{"line":62,"column":4},"end":{"line":76,"column":6}},"88":{"start":{"line":63,"column":8},"end":{"line":75,"column":11}},"89":{"start":{"line":65,"column":12},"end":{"line":74,"column":15}},"90":{"start":{"line":66,"column":16},"end":{"line":73,"column":17}},"91":{"start":{"line":68,"column":24},"end":{"line":68,"column":76}},"92":{"start":{"line":69,"column":24},"end":{"line":69,"column":110}},"93":{"start":{"line":71,"column":24},"end":{"line":71,"column":77}},"94":{"start":{"line":72,"column":24},"end":{"line":72,"column":80}},"95":{"start":{"line":77,"column":4},"end":{"line":89,"column":6}},"96":{"start":{"line":78,"column":8},"end":{"line":88,"column":11}},"97":{"start":{"line":80,"column":12},"end":{"line":87,"column":15}},"98":{"start":{"line":81,"column":16},"end":{"line":86,"column":17}},"99":{"start":{"line":82,"column":28},"end":{"line":82,"column":105}},"100":{"start":{"line":84,"column":24},"end":{"line":84,"column":52}},"101":{"start":{"line":85,"column":24},"end":{"line":85,"column":54}},"102":{"start":{"line":90,"column":4},"end":{"line":105,"column":6}},"103":{"start":{"line":91,"column":8},"end":{"line":104,"column":11}},"104":{"start":{"line":93,"column":12},"end":{"line":103,"column":15}},"105":{"start":{"line":94,"column":16},"end":{"line":102,"column":17}},"106":{"start":{"line":95,"column":28},"end":{"line":98,"column":28}},"107":{"start":{"line":100,"column":24},"end":{"line":100,"column":52}},"108":{"start":{"line":101,"column":24},"end":{"line":101,"column":54}},"109":{"start":{"line":106,"column":4},"end":{"line":121,"column":6}},"110":{"start":{"line":107,"column":8},"end":{"line":120,"column":11}},"111":{"start":{"line":109,"column":12},"end":{"line":119,"column":15}},"112":{"start":{"line":110,"column":16},"end":{"line":118,"column":17}},"113":{"start":{"line":111,"column":28},"end":{"line":114,"column":28}},"114":{"start":{"line":116,"column":24},"end":{"line":116,"column":52}},"115":{"start":{"line":117,"column":24},"end":{"line":117,"column":54}},"116":{"start":{"line":122,"column":4},"end":{"line":136,"column":6}},"117":{"start":{"line":123,"column":8},"end":{"line":135,"column":11}},"118":{"start":{"line":125,"column":12},"end":{"line":134,"column":15}},"119":{"start":{"line":126,"column":16},"end":{"line":133,"column":17}},"120":{"start":{"line":127,"column":28},"end":{"line":129,"column":28}},"121":{"start":{"line":131,"column":24},"end":{"line":131,"column":52}},"122":{"start":{"line":132,"column":24},"end":{"line":132,"column":54}},"123":{"start":{"line":137,"column":4},"end":{"line":137,"column":18}},"124":{"start":{"line":139,"column":0},"end":{"line":139,"column":24}}},"fnMap":{"0":{"name":"(anonymous_0)","decl":{"start":{"line":2,"column":45},"end":{"line":2,"column":46}},"loc":{"start":{"line":2,"column":57},"end":{"line":16,"column":1}},"line":2},"1":{"name":"(anonymous_1)","decl":{"start":{"line":3,"column":24},"end":{"line":3,"column":25}},"loc":{"start":{"line":3,"column":40},"end":{"line":8,"column":5}},"line":3},"2":{"name":"(anonymous_2)","decl":{"start":{"line":5,"column":51},"end":{"line":5,"column":52}},"loc":{"start":{"line":5,"column":67},"end":{"line":5,"column":87}},"line":5},"3":{"name":"(anonymous_3)","decl":{"start":{"line":6,"column":12},"end":{"line":6,"column":13}},"loc":{"start":{"line":6,"column":28},"end":{"line":6,"column":109}},"line":6},"4":{"name":"(anonymous_4)","decl":{"start":{"line":9,"column":11},"end":{"line":9,"column":12}},"loc":{"start":{"line":9,"column":27},"end":{"line":15,"column":5}},"line":9},"5":{"name":"__","decl":{"start":{"line":13,"column":17},"end":{"line":13,"column":19}},"loc":{"start":{"line":13,"column":22},"end":{"line":13,"column":47}},"line":13},"6":{"name":"(anonymous_6)","decl":{"start":{"line":17,"column":44},"end":{"line":17,"column":45}},"loc":{"start":{"line":17,"column":89},"end":{"line":25,"column":1}},"line":17},"7":{"name":"adopt","decl":{"start":{"line":18,"column":13},"end":{"line":18,"column":18}},"loc":{"start":{"line":18,"column":26},"end":{"line":18,"column":112}},"line":18},"8":{"name":"(anonymous_8)","decl":{"start":{"line":18,"column":70},"end":{"line":18,"column":71}},"loc":{"start":{"line":18,"column":89},"end":{"line":18,"column":108}},"line":18},"9":{"name":"(anonymous_9)","decl":{"start":{"line":19,"column":36},"end":{"line":19,"column":37}},"loc":{"start":{"line":19,"column":63},"end":{"line":24,"column":5}},"line":19},"10":{"name":"fulfilled","decl":{"start":{"line":20,"column":17},"end":{"line":20,"column":26}},"loc":{"start":{"line":20,"column":34},"end":{"line":20,"column":99}},"line":20},"11":{"name":"rejected","decl":{"start":{"line":21,"column":17},"end":{"line":21,"column":25}},"loc":{"start":{"line":21,"column":33},"end":{"line":21,"column":102}},"line":21},"12":{"name":"step","decl":{"start":{"line":22,"column":17},"end":{"line":22,"column":21}},"loc":{"start":{"line":22,"column":30},"end":{"line":22,"column":118}},"line":22},"13":{"name":"(anonymous_13)","decl":{"start":{"line":26,"column":48},"end":{"line":26,"column":49}},"loc":{"start":{"line":26,"column":73},"end":{"line":52,"column":1}},"line":26},"14":{"name":"(anonymous_14)","decl":{"start":{"line":27,"column":30},"end":{"line":27,"column":31}},"loc":{"start":{"line":27,"column":41},"end":{"line":27,"column":83}},"line":27},"15":{"name":"(anonymous_15)","decl":{"start":{"line":28,"column":125},"end":{"line":28,"column":126}},"loc":{"start":{"line":28,"column":136},"end":{"line":28,"column":152}},"line":28},"16":{"name":"verb","decl":{"start":{"line":29,"column":13},"end":{"line":29,"column":17}},"loc":{"start":{"line":29,"column":21},"end":{"line":29,"column":70}},"line":29},"17":{"name":"(anonymous_17)","decl":{"start":{"line":29,"column":30},"end":{"line":29,"column":31}},"loc":{"start":{"line":29,"column":43},"end":{"line":29,"column":67}},"line":29},"18":{"name":"step","decl":{"start":{"line":30,"column":13},"end":{"line":30,"column":17}},"loc":{"start":{"line":30,"column":22},"end":{"line":51,"column":5}},"line":30},"19":{"name":"(anonymous_19)","decl":{"start":{"line":57,"column":28},"end":{"line":57,"column":29}},"loc":{"start":{"line":57,"column":46},"end":{"line":138,"column":1}},"line":57},"20":{"name":"Schema","decl":{"start":{"line":59,"column":13},"end":{"line":59,"column":19}},"loc":{"start":{"line":59,"column":22},"end":{"line":61,"column":5}},"line":59},"21":{"name":"(anonymous_21)","decl":{"start":{"line":62,"column":28},"end":{"line":62,"column":29}},"loc":{"start":{"line":62,"column":45},"end":{"line":76,"column":5}},"line":62},"22":{"name":"(anonymous_22)","decl":{"start":{"line":63,"column":47},"end":{"line":63,"column":48}},"loc":{"start":{"line":63,"column":59},"end":{"line":75,"column":9}},"line":63},"23":{"name":"(anonymous_23)","decl":{"start":{"line":65,"column":37},"end":{"line":65,"column":38}},"loc":{"start":{"line":65,"column":51},"end":{"line":74,"column":13}},"line":65},"24":{"name":"(anonymous_24)","decl":{"start":{"line":77,"column":35},"end":{"line":77,"column":36}},"loc":{"start":{"line":77,"column":49},"end":{"line":89,"column":5}},"line":77},"25":{"name":"(anonymous_25)","decl":{"start":{"line":78,"column":47},"end":{"line":78,"column":48}},"loc":{"start":{"line":78,"column":59},"end":{"line":88,"column":9}},"line":78},"26":{"name":"(anonymous_26)","decl":{"start":{"line":80,"column":37},"end":{"line":80,"column":38}},"loc":{"start":{"line":80,"column":51},"end":{"line":87,"column":13}},"line":80},"27":{"name":"(anonymous_27)","decl":{"start":{"line":90,"column":28},"end":{"line":90,"column":29}},"loc":{"start":{"line":90,"column":62},"end":{"line":105,"column":5}},"line":90},"28":{"name":"(anonymous_28)","decl":{"start":{"line":91,"column":47},"end":{"line":91,"column":48}},"loc":{"start":{"line":91,"column":59},"end":{"line":104,"column":9}},"line":91},"29":{"name":"(anonymous_29)","decl":{"start":{"line":93,"column":37},"end":{"line":93,"column":38}},"loc":{"start":{"line":93,"column":51},"end":{"line":103,"column":13}},"line":93},"30":{"name":"(anonymous_30)","decl":{"start":{"line":106,"column":30},"end":{"line":106,"column":31}},"loc":{"start":{"line":106,"column":68},"end":{"line":121,"column":5}},"line":106},"31":{"name":"(anonymous_31)","decl":{"start":{"line":107,"column":47},"end":{"line":107,"column":48}},"loc":{"start":{"line":107,"column":59},"end":{"line":120,"column":9}},"line":107},"32":{"name":"(anonymous_32)","decl":{"start":{"line":109,"column":37},"end":{"line":109,"column":38}},"loc":{"start":{"line":109,"column":51},"end":{"line":119,"column":13}},"line":109},"33":{"name":"(anonymous_33)","decl":{"start":{"line":122,"column":30},"end":{"line":122,"column":31}},"loc":{"start":{"line":122,"column":44},"end":{"line":136,"column":5}},"line":122},"34":{"name":"(anonymous_34)","decl":{"start":{"line":123,"column":47},"end":{"line":123,"column":48}},"loc":{"start":{"line":123,"column":59},"end":{"line":135,"column":9}},"line":123},"35":{"name":"(anonymous_35)","decl":{"start":{"line":125,"column":37},"end":{"line":125,"column":38}},"loc":{"start":{"line":125,"column":51},"end":{"line":134,"column":13}},"line":125}},"branchMap":{"0":{"loc":{"start":{"line":2,"column":16},"end":{"line":16,"column":4}},"type":"binary-expr","locations":[{"start":{"line":2,"column":17},"end":{"line":2,"column":21}},{"start":{"line":2,"column":25},"end":{"line":2,"column":39}},{"start":{"line":2,"column":44},"end":{"line":16,"column":4}}],"line":2},"1":{"loc":{"start":{"line":4,"column":24},"end":{"line":6,"column":109}},"type":"binary-expr","locations":[{"start":{"line":4,"column":24},"end":{"line":4,"column":45}},{"start":{"line":5,"column":13},"end":{"line":5,"column":47}},{"start":{"line":5,"column":51},"end":{"line":5,"column":87}},{"start":{"line":6,"column":12},"end":{"line":6,"column":109}}],"line":4},"2":{"loc":{"start":{"line":6,"column":47},"end":{"line":6,"column":107}},"type":"if","locations":[{"start":{"line":6,"column":47},"end":{"line":6,"column":107}},{"start":{},"end":{}}],"line":6},"3":{"loc":{"start":{"line":10,"column":8},"end":{"line":11,"column":102}},"type":"if","locations":[{"start":{"line":10,"column":8},"end":{"line":11,"column":102}},{"start":{},"end":{}}],"line":10},"4":{"loc":{"start":{"line":10,"column":12},"end":{"line":10,"column":49}},"type":"binary-expr","locations":[{"start":{"line":10,"column":12},"end":{"line":10,"column":35}},{"start":{"line":10,"column":39},"end":{"line":10,"column":49}}],"line":10},"5":{"loc":{"start":{"line":14,"column":22},"end":{"line":14,"column":92}},"type":"cond-expr","locations":[{"start":{"line":14,"column":35},"end":{"line":14,"column":51}},{"start":{"line":14,"column":55},"end":{"line":14,"column":91}}],"line":14},"6":{"loc":{"start":{"line":17,"column":16},"end":{"line":25,"column":1}},"type":"binary-expr","locations":[{"start":{"line":17,"column":17},"end":{"line":17,"column":21}},{"start":{"line":17,"column":25},"end":{"line":17,"column":39}},{"start":{"line":17,"column":44},"end":{"line":25,"column":1}}],"line":17},"7":{"loc":{"start":{"line":18,"column":35},"end":{"line":18,"column":109}},"type":"cond-expr","locations":[{"start":{"line":18,"column":56},"end":{"line":18,"column":61}},{"start":{"line":18,"column":64},"end":{"line":18,"column":109}}],"line":18},"8":{"loc":{"start":{"line":19,"column":16},"end":{"line":19,"column":34}},"type":"binary-expr","locations":[{"start":{"line":19,"column":16},"end":{"line":19,"column":17}},{"start":{"line":19,"column":22},"end":{"line":19,"column":33}}],"line":19},"9":{"loc":{"start":{"line":22,"column":32},"end":{"line":22,"column":115}},"type":"cond-expr","locations":[{"start":{"line":22,"column":46},"end":{"line":22,"column":67}},{"start":{"line":22,"column":70},"end":{"line":22,"column":115}}],"line":22},"10":{"loc":{"start":{"line":23,"column":51},"end":{"line":23,"column":67}},"type":"binary-expr","locations":[{"start":{"line":23,"column":51},"end":{"line":23,"column":61}},{"start":{"line":23,"column":65},"end":{"line":23,"column":67}}],"line":23},"11":{"loc":{"start":{"line":26,"column":18},"end":{"line":52,"column":1}},"type":"binary-expr","locations":[{"start":{"line":26,"column":19},"end":{"line":26,"column":23}},{"start":{"line":26,"column":27},"end":{"line":26,"column":43}},{"start":{"line":26,"column":48},"end":{"line":52,"column":1}}],"line":26},"12":{"loc":{"start":{"line":27,"column":43},"end":{"line":27,"column":68}},"type":"if","locations":[{"start":{"line":27,"column":43},"end":{"line":27,"column":68}},{"start":{},"end":{}}],"line":27},"13":{"loc":{"start":{"line":28,"column":71},"end":{"line":28,"column":153}},"type":"binary-expr","locations":[{"start":{"line":28,"column":71},"end":{"line":28,"column":99}},{"start":{"line":28,"column":104},"end":{"line":28,"column":152}}],"line":28},"14":{"loc":{"start":{"line":31,"column":8},"end":{"line":31,"column":70}},"type":"if","locations":[{"start":{"line":31,"column":8},"end":{"line":31,"column":70}},{"start":{},"end":{}}],"line":31},"15":{"loc":{"start":{"line":32,"column":15},"end":{"line":32,"column":45}},"type":"binary-expr","locations":[{"start":{"line":32,"column":15},"end":{"line":32,"column":16}},{"start":{"line":32,"column":21},"end":{"line":32,"column":44}}],"line":32},"16":{"loc":{"start":{"line":32,"column":28},"end":{"line":32,"column":44}},"type":"binary-expr","locations":[{"start":{"line":32,"column":28},"end":{"line":32,"column":33}},{"start":{"line":32,"column":38},"end":{"line":32,"column":43}}],"line":32},"17":{"loc":{"start":{"line":33,"column":12},"end":{"line":33,"column":169}},"type":"if","locations":[{"start":{"line":33,"column":12},"end":{"line":33,"column":169}},{"start":{},"end":{}}],"line":33},"18":{"loc":{"start":{"line":33,"column":23},"end":{"line":33,"column":158}},"type":"binary-expr","locations":[{"start":{"line":33,"column":23},"end":{"line":33,"column":24}},{"start":{"line":33,"column":29},"end":{"line":33,"column":125}},{"start":{"line":33,"column":130},"end":{"line":33,"column":158}}],"line":33},"19":{"loc":{"start":{"line":33,"column":33},"end":{"line":33,"column":125}},"type":"cond-expr","locations":[{"start":{"line":33,"column":45},"end":{"line":33,"column":56}},{"start":{"line":33,"column":59},"end":{"line":33,"column":125}}],"line":33},"20":{"loc":{"start":{"line":33,"column":59},"end":{"line":33,"column":125}},"type":"cond-expr","locations":[{"start":{"line":33,"column":67},"end":{"line":33,"column":116}},{"start":{"line":33,"column":119},"end":{"line":33,"column":125}}],"line":33},"21":{"loc":{"start":{"line":33,"column":67},"end":{"line":33,"column":116}},"type":"binary-expr","locations":[{"start":{"line":33,"column":67},"end":{"line":33,"column":77}},{"start":{"line":33,"column":82},"end":{"line":33,"column":115}}],"line":33},"22":{"loc":{"start":{"line":33,"column":82},"end":{"line":33,"column":112}},"type":"binary-expr","locations":[{"start":{"line":33,"column":83},"end":{"line":33,"column":98}},{"start":{"line":33,"column":103},"end":{"line":33,"column":112}}],"line":33},"23":{"loc":{"start":{"line":34,"column":12},"end":{"line":34,"column":52}},"type":"if","locations":[{"start":{"line":34,"column":12},"end":{"line":34,"column":52}},{"start":{},"end":{}}],"line":34},"24":{"loc":{"start":{"line":35,"column":12},"end":{"line":47,"column":13}},"type":"switch","locations":[{"start":{"line":36,"column":16},"end":{"line":36,"column":23}},{"start":{"line":36,"column":24},"end":{"line":36,"column":46}},{"start":{"line":37,"column":16},"end":{"line":37,"column":72}},{"start":{"line":38,"column":16},"end":{"line":38,"column":65}},{"start":{"line":39,"column":16},"end":{"line":39,"column":65}},{"start":{"line":40,"column":16},"end":{"line":46,"column":43}}],"line":35},"25":{"loc":{"start":{"line":41,"column":20},"end":{"line":41,"column":128}},"type":"if","locations":[{"start":{"line":41,"column":20},"end":{"line":41,"column":128}},{"start":{},"end":{}}],"line":41},"26":{"loc":{"start":{"line":41,"column":24},"end":{"line":41,"column":106}},"type":"binary-expr","locations":[{"start":{"line":41,"column":24},"end":{"line":41,"column":74}},{"start":{"line":41,"column":79},"end":{"line":41,"column":90}},{"start":{"line":41,"column":94},"end":{"line":41,"column":105}}],"line":41},"27":{"loc":{"start":{"line":41,"column":42},"end":{"line":41,"column":73}},"type":"binary-expr","locations":[{"start":{"line":41,"column":42},"end":{"line":41,"column":54}},{"start":{"line":41,"column":58},"end":{"line":41,"column":73}}],"line":41},"28":{"loc":{"start":{"line":42,"column":20},"end":{"line":42,"column":106}},"type":"if","locations":[{"start":{"line":42,"column":20},"end":{"line":42,"column":106}},{"start":{},"end":{}}],"line":42},"29":{"loc":{"start":{"line":42,"column":24},"end":{"line":42,"column":77}},"type":"binary-expr","locations":[{"start":{"line":42,"column":24},"end":{"line":42,"column":35}},{"start":{"line":42,"column":40},"end":{"line":42,"column":42}},{"start":{"line":42,"column":47},"end":{"line":42,"column":59}},{"start":{"line":42,"column":63},"end":{"line":42,"column":75}}],"line":42},"30":{"loc":{"start":{"line":43,"column":20},"end":{"line":43,"column":89}},"type":"if","locations":[{"start":{"line":43,"column":20},"end":{"line":43,"column":89}},{"start":{},"end":{}}],"line":43},"31":{"loc":{"start":{"line":43,"column":24},"end":{"line":43,"column":53}},"type":"binary-expr","locations":[{"start":{"line":43,"column":24},"end":{"line":43,"column":35}},{"start":{"line":43,"column":39},"end":{"line":43,"column":53}}],"line":43},"32":{"loc":{"start":{"line":44,"column":20},"end":{"line":44,"column":87}},"type":"if","locations":[{"start":{"line":44,"column":20},"end":{"line":44,"column":87}},{"start":{},"end":{}}],"line":44},"33":{"loc":{"start":{"line":44,"column":24},"end":{"line":44,"column":43}},"type":"binary-expr","locations":[{"start":{"line":44,"column":24},"end":{"line":44,"column":25}},{"start":{"line":44,"column":29},"end":{"line":44,"column":43}}],"line":44},"34":{"loc":{"start":{"line":45,"column":20},"end":{"line":45,"column":42}},"type":"if","locations":[{"start":{"line":45,"column":20},"end":{"line":45,"column":42}},{"start":{},"end":{}}],"line":45},"35":{"loc":{"start":{"line":50,"column":8},"end":{"line":50,"column":35}},"type":"if","locations":[{"start":{"line":50,"column":8},"end":{"line":50,"column":35}},{"start":{},"end":{}}],"line":50},"36":{"loc":{"start":{"line":50,"column":52},"end":{"line":50,"column":74}},"type":"cond-expr","locations":[{"start":{"line":50,"column":60},"end":{"line":50,"column":65}},{"start":{"line":50,"column":68},"end":{"line":50,"column":74}}],"line":50},"37":{"loc":{"start":{"line":60,"column":15},"end":{"line":60,"column":71}},"type":"binary-expr","locations":[{"start":{"line":60,"column":15},"end":{"line":60,"column":30}},{"start":{"line":60,"column":34},"end":{"line":60,"column":63}},{"start":{"line":60,"column":67},"end":{"line":60,"column":71}}],"line":60},"38":{"loc":{"start":{"line":66,"column":16},"end":{"line":73,"column":17}},"type":"switch","locations":[{"start":{"line":67,"column":20},"end":{"line":69,"column":110}},{"start":{"line":70,"column":20},"end":{"line":72,"column":80}}],"line":66},"39":{"loc":{"start":{"line":81,"column":16},"end":{"line":86,"column":17}},"type":"switch","locations":[{"start":{"line":82,"column":20},"end":{"line":82,"column":105}},{"start":{"line":83,"column":20},"end":{"line":85,"column":54}}],"line":81},"40":{"loc":{"start":{"line":94,"column":16},"end":{"line":102,"column":17}},"type":"switch","locations":[{"start":{"line":95,"column":20},"end":{"line":98,"column":28}},{"start":{"line":99,"column":20},"end":{"line":101,"column":54}}],"line":94},"41":{"loc":{"start":{"line":110,"column":16},"end":{"line":118,"column":17}},"type":"switch","locations":[{"start":{"line":111,"column":20},"end":{"line":114,"column":28}},{"start":{"line":115,"column":20},"end":{"line":117,"column":54}}],"line":110},"42":{"loc":{"start":{"line":126,"column":16},"end":{"line":133,"column":17}},"type":"switch","locations":[{"start":{"line":127,"column":20},"end":{"line":129,"column":28}},{"start":{"line":130,"column":20},"end":{"line":132,"column":54}}],"line":126}},"s":{"0":1,"1":1,"2":1,"3":0,"4":0,"5":0,"6":0,"7":1,"8":1,"9":1,"10":0,"11":1,"12":1,"13":1,"14":1,"15":0,"16":0,"17":0,"18":0,"19":0,"20":0,"21":0,"22":0,"23":0,"24":0,"25":0,"26":1,"27":0,"28":0,"29":0,"30":0,"31":0,"32":0,"33":0,"34":0,"35":0,"36":0,"37":0,"38":0,"39":0,"40":0,"41":0,"42":0,"43":0,"44":0,"45":0,"46":0,"47":0,"48":0,"49":0,"50":0,"51":0,"52":0,"53":0,"54":0,"55":0,"56":0,"57":0,"58":0,"59":0,"60":0,"61":0,"62":0,"63":0,"64":0,"65":0,"66":0,"67":0,"68":0,"69":0,"70":0,"71":0,"72":0,"73":0,"74":0,"75":0,"76":0,"77":0,"78":0,"79":0,"80":1,"81":1,"82":1,"83":1,"84":1,"85":1,"86":1,"87":1,"88":0,"89":0,"90":0,"91":0,"92":0,"93":0,"94":0,"95":1,"96":0,"97":0,"98":0,"99":0,"100":0,"101":0,"102":1,"103":0,"104":0,"105":0,"106":0,"107":0,"108":0,"109":1,"110":0,"111":0,"112":0,"113":0,"114":0,"115":0,"116":1,"117":0,"118":0,"119":0,"120":0,"121":0,"122":0,"123":1,"124":1},"f":{"0":1,"1":1,"2":0,"3":0,"4":1,"5":1,"6":0,"7":0,"8":0,"9":0,"10":0,"11":0,"12":0,"13":0,"14":0,"15":0,"16":0,"17":0,"18":0,"19":1,"20":1,"21":0,"22":0,"23":0,"24":0,"25":0,"26":0,"27":0,"28":0,"29":0,"30":0,"31":0,"32":0,"33":0,"34":0,"35":0},"b":{"0":[1,1,1],"1":[1,0,0,0],"2":[0,0],"3":[0,1],"4":[1,0],"5":[0,1],"6":[1,1,1],"7":[0,0],"8":[0,0],"9":[0,0],"10":[0,0],"11":[1,1,1],"12":[0,0],"13":[0,0],"14":[0,0],"15":[0,0],"16":[0,0],"17":[0,0],"18":[0,0,0],"19":[0,0],"20":[0,0],"21":[0,0],"22":[0,0],"23":[0,0],"24":[0,0,0,0,0,0],"25":[0,0],"26":[0,0,0],"27":[0,0],"28":[0,0],"29":[0,0,0,0],"30":[0,0],"31":[0,0],"32":[0,0],"33":[0,0],"34":[0,0],"35":[0,0],"36":[0,0],"37":[1,1,1],"38":[0,0],"39":[0,0],"40":[0,0],"41":[0,0],"42":[0,0]},"_coverageSchema":"1a1c01bbd47fc00a2c39e90264f33305004495a9","hash":"10c6dbd9ac309548260ef4763a12370d99e2dcf3"}
}
