TN:
SF:src/base.ts
FN:2,(anonymous_0)
FN:3,(anonymous_1)
FN:13,(anonymous_2)
FN:14,adopt
FN:14,(anonymous_4)
FN:15,(anonymous_5)
FN:16,fulfilled
FN:17,rejected
FN:18,step
FN:22,(anonymous_9)
FN:23,(anonymous_10)
FN:24,(anonymous_11)
FN:25,verb
FN:25,(anonymous_13)
FN:26,step
FN:52,(anonymous_15)
FN:53,Base
FN:57,(anonymous_17)
FN:58,(anonymous_18)
FN:60,(anonymous_19)
FNF:20
FNH:13
FNDA:2,(anonymous_0)
FNDA:0,(anonymous_1)
FNDA:3,(anonymous_2)
FNDA:0,adopt
FNDA:0,(anonymous_4)
FNDA:3,(anonymous_5)
FNDA:0,fulfilled
FNDA:0,rejected
FNDA:0,step
FNDA:3,(anonymous_9)
FNDA:3,(anonymous_10)
FNDA:0,(anonymous_11)
FNDA:9,verb
FNDA:3,(anonymous_13)
FNDA:3,step
FNDA:1,(anonymous_15)
FNDA:2,Base
FNDA:3,(anonymous_17)
FNDA:3,(anonymous_18)
FNDA:6,(anonymous_19)
DA:2,1
DA:3,2
DA:4,0
DA:5,0
DA:6,0
DA:7,0
DA:9,0
DA:11,2
DA:13,1
DA:14,0
DA:15,3
DA:16,0
DA:17,0
DA:18,0
DA:19,3
DA:22,1
DA:23,3
DA:24,3
DA:25,9
DA:27,3
DA:28,12
DA:29,12
DA:30,12
DA:31,12
DA:32,3
DA:33,0
DA:34,0
DA:35,0
DA:37,9
DA:38,6
DA:39,6
DA:40,3
DA:41,3
DA:42,3
DA:44,6
DA:45,12
DA:46,3
DA:49,1
DA:50,1
DA:51,1
DA:52,1
DA:54,2
DA:55,2
DA:57,1
DA:58,3
DA:60,3
DA:61,6
DA:63,3
DA:64,3
DA:68,3
DA:69,3
DA:71,3
DA:72,3
DA:74,0
DA:75,0
DA:76,0
DA:78,3
DA:79,3
DA:80,0
DA:85,1
DA:87,1
LF:61
LH:45
BRDA:2,0,0,1
BRDA:2,0,1,1
BRDA:2,0,2,1
BRDA:3,1,0,2
BRDA:3,1,1,0
BRDA:6,2,0,0
BRDA:6,2,1,0
BRDA:13,3,0,1
BRDA:13,3,1,1
BRDA:13,3,2,1
BRDA:14,4,0,0
BRDA:14,4,1,0
BRDA:15,5,0,3
BRDA:15,5,1,3
BRDA:18,6,0,0
BRDA:18,6,1,0
BRDA:19,7,0,3
BRDA:19,7,1,3
BRDA:22,8,0,1
BRDA:22,8,1,1
BRDA:22,8,2,1
BRDA:23,9,0,0
BRDA:23,9,1,3
BRDA:24,10,0,3
BRDA:24,10,1,3
BRDA:27,11,0,0
BRDA:27,11,1,3
BRDA:28,12,0,15
BRDA:28,12,1,3
BRDA:28,13,0,3
BRDA:28,13,1,0
BRDA:29,14,0,0
BRDA:29,14,1,12
BRDA:29,15,0,12
BRDA:29,15,1,0
BRDA:29,15,2,0
BRDA:29,16,0,0
BRDA:29,16,1,0
BRDA:29,17,0,0
BRDA:29,17,1,0
BRDA:29,18,0,0
BRDA:29,18,1,0
BRDA:29,19,0,0
BRDA:29,19,1,0
BRDA:30,20,0,0
BRDA:30,20,1,12
BRDA:31,21,0,3
BRDA:31,21,1,3
BRDA:31,21,2,0
BRDA:31,21,3,0
BRDA:31,21,4,0
BRDA:31,21,5,9
BRDA:37,22,0,3
BRDA:37,22,1,6
BRDA:37,23,0,9
BRDA:37,23,1,3
BRDA:37,23,2,0
BRDA:37,24,0,9
BRDA:37,24,1,6
BRDA:38,25,0,0
BRDA:38,25,1,6
BRDA:38,26,0,6
BRDA:38,26,1,0
BRDA:38,26,2,0
BRDA:38,26,3,0
BRDA:39,27,0,3
BRDA:39,27,1,3
BRDA:39,28,0,6
BRDA:39,28,1,6
BRDA:40,29,0,0
BRDA:40,29,1,3
BRDA:40,30,0,3
BRDA:40,30,1,3
BRDA:41,31,0,0
BRDA:41,31,1,3
BRDA:46,32,0,3
BRDA:46,32,1,0
BRDA:46,33,0,0
BRDA:46,33,1,0
BRDA:61,34,0,3
BRDA:61,34,1,3
BRDA:61,34,2,0
BRDA:61,34,3,0
BRDA:61,34,4,3
BRDA:61,34,5,0
BRF:85
BRH:47
end_of_record
TN:
SF:src/index.ts
FN:6,(anonymous_0)
FN:7,Client
FNF:2
FNH:2
FNDA:1,(anonymous_0)
FNDA:1,Client
DA:2,1
DA:3,1
DA:4,1
DA:5,1
DA:6,1
DA:8,1
DA:9,1
DA:11,1
DA:13,1
LF:9
LH:9
BRF:0
BRH:0
end_of_record
TN:
SF:src/types.ts
FN:5,(anonymous_0)
FN:10,(anonymous_1)
FN:18,(anonymous_2)
FNF:3
FNH:3
FNDA:1,(anonymous_0)
FNDA:1,(anonymous_1)
FNDA:1,(anonymous_2)
DA:2,1
DA:3,1
DA:5,1
DA:6,1
DA:7,1
DA:10,1
DA:11,1
DA:12,1
DA:13,1
DA:14,1
DA:15,1
DA:18,1
DA:19,1
DA:20,1
DA:21,1
DA:22,1
DA:23,1
DA:24,1
DA:25,1
DA:26,1
DA:27,1
DA:28,1
DA:29,1
DA:30,1
DA:31,1
DA:32,1
DA:33,1
DA:34,1
DA:35,1
DA:36,1
DA:37,1
DA:38,1
DA:39,1
DA:40,1
DA:41,1
DA:42,1
DA:43,1
DA:44,1
DA:45,1
DA:46,1
DA:47,1
DA:48,1
DA:49,1
DA:50,1
DA:51,1
DA:52,1
DA:53,1
DA:54,1
DA:55,1
DA:56,1
DA:57,1
DA:58,1
DA:59,1
DA:60,1
DA:61,1
DA:62,1
DA:63,1
DA:64,1
DA:65,1
DA:66,1
DA:67,1
DA:68,1
DA:69,1
DA:70,1
DA:71,1
DA:72,1
DA:73,1
DA:74,1
DA:75,1
DA:76,1
DA:77,1
DA:78,1
DA:79,1
DA:80,1
DA:81,1
DA:82,1
DA:83,1
DA:84,1
DA:85,1
DA:86,1
DA:87,1
DA:88,1
DA:89,1
DA:90,1
DA:91,1
DA:92,1
DA:93,1
DA:94,1
DA:95,1
DA:96,1
DA:97,1
DA:98,1
DA:99,1
DA:100,1
DA:101,1
DA:102,1
DA:103,1
DA:104,1
DA:105,1
DA:106,1
DA:107,1
DA:108,1
DA:109,1
DA:110,1
DA:111,1
DA:112,1
DA:113,1
DA:114,1
DA:115,1
DA:116,1
DA:117,1
DA:118,1
DA:119,1
DA:120,1
DA:121,1
DA:122,1
DA:123,1
DA:124,1
DA:125,1
DA:126,1
DA:127,1
DA:128,1
DA:129,1
DA:130,1
DA:131,1
DA:132,1
DA:133,1
DA:134,1
DA:135,1
DA:136,1
DA:137,1
DA:138,1
DA:139,1
DA:140,1
DA:141,1
DA:142,1
LF:136
LH:136
BRDA:8,0,0,1
BRDA:8,0,1,1
BRDA:16,1,0,1
BRDA:16,1,1,1
BRDA:143,2,0,1
BRDA:143,2,1,1
BRF:6
BRH:6
end_of_record
TN:
SF:src/fake-data/index.ts
FN:2,(anonymous_0)
FN:3,(anonymous_1)
FN:5,(anonymous_2)
FN:6,(anonymous_3)
FN:9,(anonymous_4)
FN:13,__
FN:17,(anonymous_6)
FN:18,adopt
FN:18,(anonymous_8)
FN:19,(anonymous_9)
FN:20,fulfilled
FN:21,rejected
FN:22,step
FN:26,(anonymous_13)
FN:27,(anonymous_14)
FN:28,(anonymous_15)
FN:29,verb
FN:29,(anonymous_17)
FN:30,step
FN:58,(anonymous_19)
FN:60,FakeData
FN:63,(anonymous_21)
FN:66,(anonymous_22)
FN:68,(anonymous_23)
FNF:24
FNH:19
FNDA:1,(anonymous_0)
FNDA:1,(anonymous_1)
FNDA:0,(anonymous_2)
FNDA:0,(anonymous_3)
FNDA:1,(anonymous_4)
FNDA:1,__
FNDA:3,(anonymous_6)
FNDA:3,adopt
FNDA:0,(anonymous_8)
FNDA:3,(anonymous_9)
FNDA:0,fulfilled
FNDA:3,rejected
FNDA:3,step
FNDA:3,(anonymous_13)
FNDA:3,(anonymous_14)
FNDA:0,(anonymous_15)
FNDA:9,verb
FNDA:6,(anonymous_17)
FNDA:6,step
FNDA:1,(anonymous_19)
FNDA:1,FakeData
FNDA:3,(anonymous_21)
FNDA:3,(anonymous_22)
FNDA:6,(anonymous_23)
DA:2,1
DA:3,1
DA:4,1
DA:5,0
DA:6,0
DA:7,1
DA:9,1
DA:10,1
DA:11,0
DA:12,1
DA:13,1
DA:14,1
DA:17,1
DA:18,3
DA:19,3
DA:20,0
DA:21,3
DA:22,3
DA:23,3
DA:26,1
DA:27,3
DA:28,3
DA:29,9
DA:31,6
DA:32,12
DA:33,12
DA:34,12
DA:35,12
DA:36,6
DA:37,3
DA:38,0
DA:39,0
DA:41,3
DA:42,0
DA:43,0
DA:44,0
DA:45,0
DA:46,0
DA:48,6
DA:49,12
DA:50,3
DA:53,1
DA:54,1
DA:55,1
DA:56,1
DA:57,1
DA:58,1
DA:59,1
DA:61,1
DA:63,1
DA:64,3
DA:65,3
DA:66,3
DA:68,3
DA:69,6
DA:70,3
DA:72,3
DA:73,0
DA:78,1
DA:80,1
LF:60
LH:48
BRDA:2,0,0,1
BRDA:2,0,1,1
BRDA:2,0,2,1
BRDA:4,1,0,1
BRDA:4,1,1,0
BRDA:4,1,2,0
BRDA:4,1,3,0
BRDA:6,2,0,0
BRDA:6,2,1,0
BRDA:10,3,0,0
BRDA:10,3,1,1
BRDA:10,4,0,1
BRDA:10,4,1,0
BRDA:14,5,0,0
BRDA:14,5,1,1
BRDA:17,6,0,1
BRDA:17,6,1,1
BRDA:17,6,2,1
BRDA:18,7,0,3
BRDA:18,7,1,0
BRDA:19,8,0,3
BRDA:19,8,1,3
BRDA:22,9,0,0
BRDA:22,9,1,3
BRDA:23,10,0,3
BRDA:23,10,1,3
BRDA:26,11,0,1
BRDA:26,11,1,1
BRDA:26,11,2,1
BRDA:27,12,0,3
BRDA:27,12,1,0
BRDA:28,13,0,3
BRDA:28,13,1,3
BRDA:31,14,0,0
BRDA:31,14,1,6
BRDA:32,15,0,15
BRDA:32,15,1,3
BRDA:32,16,0,3
BRDA:32,16,1,0
BRDA:33,17,0,0
BRDA:33,17,1,12
BRDA:33,18,0,12
BRDA:33,18,1,0
BRDA:33,18,2,0
BRDA:33,19,0,0
BRDA:33,19,1,0
BRDA:33,20,0,0
BRDA:33,20,1,0
BRDA:33,21,0,0
BRDA:33,21,1,0
BRDA:33,22,0,0
BRDA:33,22,1,0
BRDA:34,23,0,0
BRDA:34,23,1,12
BRDA:35,24,0,3
BRDA:35,24,1,6
BRDA:35,24,2,3
BRDA:35,24,3,0
BRDA:35,24,4,0
BRDA:35,24,5,3
BRDA:41,25,0,3
BRDA:41,25,1,0
BRDA:41,26,0,3
BRDA:41,26,1,3
BRDA:41,26,2,0
BRDA:41,27,0,3
BRDA:41,27,1,0
BRDA:42,28,0,0
BRDA:42,28,1,0
BRDA:42,29,0,0
BRDA:42,29,1,0
BRDA:42,29,2,0
BRDA:42,29,3,0
BRDA:43,30,0,0
BRDA:43,30,1,0
BRDA:43,31,0,0
BRDA:43,31,1,0
BRDA:44,32,0,0
BRDA:44,32,1,0
BRDA:44,33,0,0
BRDA:44,33,1,0
BRDA:45,34,0,0
BRDA:45,34,1,0
BRDA:50,35,0,3
BRDA:50,35,1,0
BRDA:50,36,0,0
BRDA:50,36,1,0
BRDA:61,37,0,1
BRDA:61,37,1,1
BRDA:61,37,2,1
BRDA:64,38,0,3
BRDA:64,38,1,0
BRDA:65,39,0,3
BRDA:65,39,1,0
BRDA:69,40,0,3
BRDA:69,40,1,3
BRF:96
BRH:45
end_of_record
TN:
SF:src/schema/index.ts
FN:2,(anonymous_0)
FN:3,(anonymous_1)
FN:5,(anonymous_2)
FN:6,(anonymous_3)
FN:9,(anonymous_4)
FN:13,__
FN:17,(anonymous_6)
FN:18,adopt
FN:18,(anonymous_8)
FN:19,(anonymous_9)
FN:20,fulfilled
FN:21,rejected
FN:22,step
FN:26,(anonymous_13)
FN:27,(anonymous_14)
FN:28,(anonymous_15)
FN:29,verb
FN:29,(anonymous_17)
FN:30,step
FN:57,(anonymous_19)
FN:59,Schema
FN:62,(anonymous_21)
FN:63,(anonymous_22)
FN:65,(anonymous_23)
FN:77,(anonymous_24)
FN:78,(anonymous_25)
FN:80,(anonymous_26)
FN:90,(anonymous_27)
FN:91,(anonymous_28)
FN:93,(anonymous_29)
FN:106,(anonymous_30)
FN:107,(anonymous_31)
FN:109,(anonymous_32)
FN:122,(anonymous_33)
FN:123,(anonymous_34)
FN:125,(anonymous_35)
FNF:36
FNH:6
FNDA:1,(anonymous_0)
FNDA:1,(anonymous_1)
FNDA:0,(anonymous_2)
FNDA:0,(anonymous_3)
FNDA:1,(anonymous_4)
FNDA:1,__
FNDA:0,(anonymous_6)
FNDA:0,adopt
FNDA:0,(anonymous_8)
FNDA:0,(anonymous_9)
FNDA:0,fulfilled
FNDA:0,rejected
FNDA:0,step
FNDA:0,(anonymous_13)
FNDA:0,(anonymous_14)
FNDA:0,(anonymous_15)
FNDA:0,verb
FNDA:0,(anonymous_17)
FNDA:0,step
FNDA:1,(anonymous_19)
FNDA:1,Schema
FNDA:0,(anonymous_21)
FNDA:0,(anonymous_22)
FNDA:0,(anonymous_23)
FNDA:0,(anonymous_24)
FNDA:0,(anonymous_25)
FNDA:0,(anonymous_26)
FNDA:0,(anonymous_27)
FNDA:0,(anonymous_28)
FNDA:0,(anonymous_29)
FNDA:0,(anonymous_30)
FNDA:0,(anonymous_31)
FNDA:0,(anonymous_32)
FNDA:0,(anonymous_33)
FNDA:0,(anonymous_34)
FNDA:0,(anonymous_35)
DA:2,1
DA:3,1
DA:4,1
DA:5,0
DA:6,0
DA:7,1
DA:9,1
DA:10,1
DA:11,0
DA:12,1
DA:13,1
DA:14,1
DA:17,1
DA:18,0
DA:19,0
DA:20,0
DA:21,0
DA:22,0
DA:23,0
DA:26,1
DA:27,0
DA:28,0
DA:29,0
DA:31,0
DA:32,0
DA:33,0
DA:34,0
DA:35,0
DA:36,0
DA:37,0
DA:38,0
DA:39,0
DA:41,0
DA:42,0
DA:43,0
DA:44,0
DA:45,0
DA:46,0
DA:48,0
DA:49,0
DA:50,0
DA:53,1
DA:54,1
DA:55,1
DA:56,1
DA:57,1
DA:58,1
DA:60,1
DA:62,1
DA:63,0
DA:65,0
DA:66,0
DA:68,0
DA:69,0
DA:71,0
DA:72,0
DA:77,1
DA:78,0
DA:80,0
DA:81,0
DA:82,0
DA:84,0
DA:85,0
DA:90,1
DA:91,0
DA:93,0
DA:94,0
DA:95,0
DA:100,0
DA:101,0
DA:106,1
DA:107,0
DA:109,0
DA:110,0
DA:111,0
DA:116,0
DA:117,0
DA:122,1
DA:123,0
DA:125,0
DA:126,0
DA:127,0
DA:131,0
DA:132,0
DA:137,1
DA:139,1
LF:86
LH:25
BRDA:2,0,0,1
BRDA:2,0,1,1
BRDA:2,0,2,1
BRDA:4,1,0,1
BRDA:4,1,1,0
BRDA:4,1,2,0
BRDA:4,1,3,0
BRDA:6,2,0,0
BRDA:6,2,1,0
BRDA:10,3,0,0
BRDA:10,3,1,1
BRDA:10,4,0,1
BRDA:10,4,1,0
BRDA:14,5,0,0
BRDA:14,5,1,1
BRDA:17,6,0,1
BRDA:17,6,1,1
BRDA:17,6,2,1
BRDA:18,7,0,0
BRDA:18,7,1,0
BRDA:19,8,0,0
BRDA:19,8,1,0
BRDA:22,9,0,0
BRDA:22,9,1,0
BRDA:23,10,0,0
BRDA:23,10,1,0
BRDA:26,11,0,1
BRDA:26,11,1,1
BRDA:26,11,2,1
BRDA:27,12,0,0
BRDA:27,12,1,0
BRDA:28,13,0,0
BRDA:28,13,1,0
BRDA:31,14,0,0
BRDA:31,14,1,0
BRDA:32,15,0,0
BRDA:32,15,1,0
BRDA:32,16,0,0
BRDA:32,16,1,0
BRDA:33,17,0,0
BRDA:33,17,1,0
BRDA:33,18,0,0
BRDA:33,18,1,0
BRDA:33,18,2,0
BRDA:33,19,0,0
BRDA:33,19,1,0
BRDA:33,20,0,0
BRDA:33,20,1,0
BRDA:33,21,0,0
BRDA:33,21,1,0
BRDA:33,22,0,0
BRDA:33,22,1,0
BRDA:34,23,0,0
BRDA:34,23,1,0
BRDA:35,24,0,0
BRDA:35,24,1,0
BRDA:35,24,2,0
BRDA:35,24,3,0
BRDA:35,24,4,0
BRDA:35,24,5,0
BRDA:41,25,0,0
BRDA:41,25,1,0
BRDA:41,26,0,0
BRDA:41,26,1,0
BRDA:41,26,2,0
BRDA:41,27,0,0
BRDA:41,27,1,0
BRDA:42,28,0,0
BRDA:42,28,1,0
BRDA:42,29,0,0
BRDA:42,29,1,0
BRDA:42,29,2,0
BRDA:42,29,3,0
BRDA:43,30,0,0
BRDA:43,30,1,0
BRDA:43,31,0,0
BRDA:43,31,1,0
BRDA:44,32,0,0
BRDA:44,32,1,0
BRDA:44,33,0,0
BRDA:44,33,1,0
BRDA:45,34,0,0
BRDA:45,34,1,0
BRDA:50,35,0,0
BRDA:50,35,1,0
BRDA:50,36,0,0
BRDA:50,36,1,0
BRDA:60,37,0,1
BRDA:60,37,1,1
BRDA:60,37,2,1
BRDA:66,38,0,0
BRDA:66,38,1,0
BRDA:81,39,0,0
BRDA:81,39,1,0
BRDA:94,40,0,0
BRDA:94,40,1,0
BRDA:110,41,0,0
BRDA:110,41,1,0
BRDA:126,42,0,0
BRDA:126,42,1,0
BRF:100
BRH:16
end_of_record
